# JRE version: OpenJDK Runtime Environment (7.0_55-b14) (build 1.7.0_55-b14)
# Java VM: OpenJDK 64-Bit Server VM (24.51-b03 mixed mode linux-amd64 compressed oops)
Heap
 PSYoungGen      total 15872K, used 836K [0x00000000eba80000, 0x00000000ed080000, 0x0000000100000000)
  eden space 15360K, 5% used [0x00000000eba80000,0x00000000ebb413a8,0x00000000ec980000)
  from space 512K, 12% used [0x00000000ec980000,0x00000000ec990000,0x00000000eca00000)
  to   space 3584K, 0% used [0x00000000ecd00000,0x00000000ecd00000,0x00000000ed080000)
 ParOldGen       total 41472K, used 6506K [0x00000000c3000000, 0x00000000c5880000, 0x00000000eba80000)
  object space 41472K, 15% used [0x00000000c3000000,0x00000000c365a828,0x00000000c5880000)
 PSPermGen       total 21504K, used 10440K [0x00000000b8a00000, 0x00000000b9f00000, 0x00000000c3000000)
  object space 21504K, 48% used [0x00000000b8a00000,0x00000000b9432350,0x00000000b9f00000)
GC Heap History (10 events):
Event: 466.501 GC heap before
{Heap before GC invocations=19 (full 0):
 PSYoungGen      total 19456K, used 15392K [0x00000000eba80000, 0x00000000ed280000, 0x0000000100000000)
  eden space 15360K, 100% used [0x00000000eba80000,0x00000000ec980000,0x00000000ec980000)
  from space 4096K, 0% used [0x00000000ece80000,0x00000000ece88000,0x00000000ed280000)
  to   space 4608K, 0% used [0x00000000ec980000,0x00000000ec980000,0x00000000ece00000)
 ParOldGen       total 41472K, used 6490K [0x00000000c3000000, 0x00000000c5880000, 0x00000000eba80000)
  object space 41472K, 15% used [0x00000000c3000000,0x00000000c3656828,0x00000000c5880000)
 PSPermGen       total 21504K, used 10405K [0x00000000b8a00000, 0x00000000b9f00000, 0x00000000c3000000)
  object space 21504K, 48% used [0x00000000b8a00000,0x00000000b94297a0,0x00000000b9f00000)
Event: 466.502 GC heap after
Heap after GC invocations=19 (full 0):
 PSYoungGen      total 19968K, used 32K [0x00000000eba80000, 0x00000000ed280000, 0x0000000100000000)
  eden space 15360K, 0% used [0x00000000eba80000,0x00000000eba80000,0x00000000ec980000)
  from space 4608K, 0% used [0x00000000ec980000,0x00000000ec988000,0x00000000ece00000)
  to   space 4608K, 0% used [0x00000000ece00000,0x00000000ece00000,0x00000000ed280000)
 ParOldGen       total 41472K, used 6490K [0x00000000c3000000, 0x00000000c5880000, 0x00000000eba80000)
  object space 41472K, 15% used [0x00000000c3000000,0x00000000c3656828,0x00000000c5880000)
 PSPermGen       total 21504K, used 10405K [0x00000000b8a00000, 0x00000000b9f00000, 0x00000000c3000000)
  object space 21504K, 48% used [0x00000000b8a00000,0x00000000b94297a0,0x00000000b9f00000)
}
Event: 492.449 GC heap before
{Heap before GC invocations=20 (full 0):
 PSYoungGen      total 19968K, used 15392K [0x00000000eba80000, 0x00000000ed280000, 0x0000000100000000)
  eden space 15360K, 100% used [0x00000000eba80000,0x00000000ec980000,0x00000000ec980000)
  from space 4608K, 0% used [0x00000000ec980000,0x00000000ec988000,0x00000000ece00000)
  to   space 4608K, 0% used [0x00000000ece00000,0x00000000ece00000,0x00000000ed280000)
 ParOldGen       total 41472K, used 6490K [0x00000000c3000000, 0x00000000c5880000, 0x00000000eba80000)
  object space 41472K, 15% used [0x00000000c3000000,0x00000000c3656828,0x00000000c5880000)
 PSPermGen       total 21504K, used 10405K [0x00000000b8a00000, 0x00000000b9f00000, 0x00000000c3000000)
  object space 21504K, 48% used [0x00000000b8a00000,0x00000000b94297a0,0x00000000b9f00000)
Event: 492.450 GC heap after
Heap after GC invocations=20 (full 0):
 PSYoungGen      total 18944K, used 32K [0x00000000eba80000, 0x00000000ed180000, 0x0000000100000000)
  eden space 15360K, 0% used [0x00000000eba80000,0x00000000eba80000,0x00000000ec980000)
  from space 3584K, 0% used [0x00000000ece00000,0x00000000ece08000,0x00000000ed180000)
  to   space 4096K, 0% used [0x00000000ec980000,0x00000000ec980000,0x00000000ecd80000)
 ParOldGen       total 41472K, used 6490K [0x00000000c3000000, 0x00000000c5880000, 0x00000000eba80000)
  object space 41472K, 15% used [0x00000000c3000000,0x00000000c3656828,0x00000000c5880000)
 PSPermGen       total 21504K, used 10405K [0x00000000b8a00000, 0x00000000b9f00000, 0x00000000c3000000)
  object space 21504K, 48% used [0x00000000b8a00000,0x00000000b94297a0,0x00000000b9f00000)
}
Event: 518.415 GC heap before
{Heap before GC invocations=21 (full 0):
 PSYoungGen      total 18944K, used 15392K [0x00000000eba80000, 0x00000000ed180000, 0x0000000100000000)
  eden space 15360K, 100% used [0x00000000eba80000,0x00000000ec980000,0x00000000ec980000)
  from space 3584K, 0% used [0x00000000ece00000,0x00000000ece08000,0x00000000ed180000)
  to   space 4096K, 0% used [0x00000000ec980000,0x00000000ec980000,0x00000000ecd80000)
 ParOldGen       total 41472K, used 6490K [0x00000000c3000000, 0x00000000c5880000, 0x00000000eba80000)
  object space 41472K, 15% used [0x00000000c3000000,0x00000000c3656828,0x00000000c5880000)
 PSPermGen       total 21504K, used 10405K [0x00000000b8a00000, 0x00000000b9f00000, 0x00000000c3000000)
  object space 21504K, 48% used [0x00000000b8a00000,0x00000000b94297a0,0x00000000b9f00000)
Event: 518.416 GC heap after
Heap after GC invocations=21 (full 0):
 PSYoungGen      total 19456K, used 96K [0x00000000eba80000, 0x00000000ed180000, 0x0000000100000000)
  eden space 15360K, 0% used [0x00000000eba80000,0x00000000eba80000,0x00000000ec980000)
  from space 4096K, 2% used [0x00000000ec980000,0x00000000ec998000,0x00000000ecd80000)
  to   space 4096K, 0% used [0x00000000ecd80000,0x00000000ecd80000,0x00000000ed180000)
 ParOldGen       total 41472K, used 6490K [0x00000000c3000000, 0x00000000c5880000, 0x00000000eba80000)
  object space 41472K, 15% used [0x00000000c3000000,0x00000000c3656828,0x00000000c5880000)
 PSPermGen       total 21504K, used 10405K [0x00000000b8a00000, 0x00000000b9f00000, 0x00000000c3000000)
  object space 21504K, 48% used [0x00000000b8a00000,0x00000000b94297a0,0x00000000b9f00000)
}
Event: 544.381 GC heap before
{Heap before GC invocations=22 (full 0):
 PSYoungGen      total 19456K, used 15456K [0x00000000eba80000, 0x00000000ed180000, 0x0000000100000000)
  eden space 15360K, 100% used [0x00000000eba80000,0x00000000ec980000,0x00000000ec980000)
  from space 4096K, 2% used [0x00000000ec980000,0x00000000ec998000,0x00000000ecd80000)
  to   space 4096K, 0% used [0x00000000ecd80000,0x00000000ecd80000,0x00000000ed180000)
 ParOldGen       total 41472K, used 6490K [0x00000000c3000000, 0x00000000c5880000, 0x00000000eba80000)
  object space 41472K, 15% used [0x00000000c3000000,0x00000000c3656828,0x00000000c5880000)
 PSPermGen       total 21504K, used 10405K [0x00000000b8a00000, 0x00000000b9f00000, 0x00000000c3000000)
  object space 21504K, 48% used [0x00000000b8a00000,0x00000000b94297a0,0x00000000b9f00000)
Event: 544.382 GC heap after
Heap after GC invocations=22 (full 0):
 PSYoungGen      total 19456K, used 32K [0x00000000eba80000, 0x00000000ed180000, 0x0000000100000000)
  eden space 15360K, 0% used [0x00000000eba80000,0x00000000eba80000,0x00000000ec980000)
  from space 4096K, 0% used [0x00000000ecd80000,0x00000000ecd88000,0x00000000ed180000)
  to   space 4096K, 0% used [0x00000000ec980000,0x00000000ec980000,0x00000000ecd80000)
 ParOldGen       total 41472K, used 6506K [0x00000000c3000000, 0x00000000c5880000, 0x00000000eba80000)
  object space 41472K, 15% used [0x00000000c3000000,0x00000000c365a828,0x00000000c5880000)
 PSPermGen       total 21504K, used 10405K [0x00000000b8a00000, 0x00000000b9f00000, 0x00000000c3000000)
  object space 21504K, 48% used [0x00000000b8a00000,0x00000000b94297a0,0x00000000b9f00000)
}
Event: 570.381 GC heap before
{Heap before GC invocations=23 (full 0):
 PSYoungGen      total 19456K, used 15392K [0x00000000eba80000, 0x00000000ed180000, 0x0000000100000000)
  eden space 15360K, 100% used [0x00000000eba80000,0x00000000ec980000,0x00000000ec980000)
  from space 4096K, 0% used [0x00000000ecd80000,0x00000000ecd88000,0x00000000ed180000)
  to   space 4096K, 0% used [0x00000000ec980000,0x00000000ec980000,0x00000000ecd80000)
 ParOldGen       total 41472K, used 6506K [0x00000000c3000000, 0x00000000c5880000, 0x00000000eba80000)
  object space 41472K, 15% used [0x00000000c3000000,0x00000000c365a828,0x00000000c5880000)
 PSPermGen       total 21504K, used 10406K [0x00000000b8a00000, 0x00000000b9f00000, 0x00000000c3000000)
  object space 21504K, 48% used [0x00000000b8a00000,0x00000000b9429a60,0x00000000b9f00000)
Event: 570.382 GC heap after
Heap after GC invocations=23 (full 0):
 PSYoungGen      total 15872K, used 64K [0x00000000eba80000, 0x00000000ed080000, 0x0000000100000000)
  eden space 15360K, 0% used [0x00000000eba80000,0x00000000eba80000,0x00000000ec980000)
  from space 512K, 12% used [0x00000000ec980000,0x00000000ec990000,0x00000000eca00000)
  to   space 3584K, 0% used [0x00000000ecd00000,0x00000000ecd00000,0x00000000ed080000)
 ParOldGen       total 41472K, used 6506K [0x00000000c3000000, 0x00000000c5880000, 0x00000000eba80000)
  object space 41472K, 15% used [0x00000000c3000000,0x00000000c365a828,0x00000000c5880000)
 PSPermGen       total 21504K, used 10406K [0x00000000b8a00000, 0x00000000b9f00000, 0x00000000c3000000)
  object space 21504K, 48% used [0x00000000b8a00000,0x00000000b9429a60,0x00000000b9f00000)
}

