# JRE version: OpenJDK Runtime Environment (7.0_55-b14) (build 1.7.0_55-b14)
# Java VM: OpenJDK 64-Bit Server VM (24.51-b03 mixed mode linux-amd64 compressed oops)
Heap
 PSYoungGen      total 16896K, used 2659K [0x00000000eba80000, 0x00000000ecc00000, 0x0000000100000000)
  eden space 15872K, 14% used [0x00000000eba80000,0x00000000ebcc4cb8,0x00000000eca00000)
  from space 1024K, 32% used [0x00000000eca00000,0x00000000eca54010,0x00000000ecb00000)
  to   space 1024K, 0% used [0x00000000ecb00000,0x00000000ecb00000,0x00000000ecc00000)
 ParOldGen       total 41472K, used 8729K [0x00000000c3000000, 0x00000000c5880000, 0x00000000eba80000)
  object space 41472K, 21% used [0x00000000c3000000,0x00000000c3886638,0x00000000c5880000)
 PSPermGen       total 21504K, used 13386K [0x00000000b8a00000, 0x00000000b9f00000, 0x00000000c3000000)
  object space 21504K, 62% used [0x00000000b8a00000,0x00000000b9712ae8,0x00000000b9f00000)
GC Heap History (10 events):
Event: 2230.535 GC heap before
{Heap before GC invocations=43 (full 0):
 PSYoungGen      total 16384K, used 15936K [0x00000000eba80000, 0x00000000ecc00000, 0x0000000100000000)
  eden space 15872K, 100% used [0x00000000eba80000,0x00000000eca00000,0x00000000eca00000)
  from space 512K, 12% used [0x00000000ecb80000,0x00000000ecb90000,0x00000000ecc00000)
  to   space 1024K, 0% used [0x00000000eca00000,0x00000000eca00000,0x00000000ecb00000)
 ParOldGen       total 41472K, used 8673K [0x00000000c3000000, 0x00000000c5880000, 0x00000000eba80000)
  object space 41472K, 20% used [0x00000000c3000000,0x00000000c3878638,0x00000000c5880000)
 PSPermGen       total 21504K, used 13320K [0x00000000b8a00000, 0x00000000b9f00000, 0x00000000c3000000)
  object space 21504K, 61% used [0x00000000b8a00000,0x00000000b9702078,0x00000000b9f00000)
Event: 2230.537 GC heap after
Heap after GC invocations=43 (full 0):
 PSYoungGen      total 16896K, used 96K [0x00000000eba80000, 0x00000000ecc00000, 0x0000000100000000)
  eden space 15872K, 0% used [0x00000000eba80000,0x00000000eba80000,0x00000000eca00000)
  from space 1024K, 9% used [0x00000000eca00000,0x00000000eca18000,0x00000000ecb00000)
  to   space 1024K, 0% used [0x00000000ecb00000,0x00000000ecb00000,0x00000000ecc00000)
 ParOldGen       total 41472K, used 8689K [0x00000000c3000000, 0x00000000c5880000, 0x00000000eba80000)
  object space 41472K, 20% used [0x00000000c3000000,0x00000000c387c638,0x00000000c5880000)
 PSPermGen       total 21504K, used 13320K [0x00000000b8a00000, 0x00000000b9f00000, 0x00000000c3000000)
  object space 21504K, 61% used [0x00000000b8a00000,0x00000000b9702078,0x00000000b9f00000)
}
Event: 2282.536 GC heap before
{Heap before GC invocations=44 (full 0):
 PSYoungGen      total 16896K, used 15968K [0x00000000eba80000, 0x00000000ecc00000, 0x0000000100000000)
  eden space 15872K, 100% used [0x00000000eba80000,0x00000000eca00000,0x00000000eca00000)
  from space 1024K, 9% used [0x00000000eca00000,0x00000000eca18000,0x00000000ecb00000)
  to   space 1024K, 0% used [0x00000000ecb00000,0x00000000ecb00000,0x00000000ecc00000)
 ParOldGen       total 41472K, used 8689K [0x00000000c3000000, 0x00000000c5880000, 0x00000000eba80000)
  object space 41472K, 20% used [0x00000000c3000000,0x00000000c387c638,0x00000000c5880000)
 PSPermGen       total 21504K, used 13320K [0x00000000b8a00000, 0x00000000b9f00000, 0x00000000c3000000)
  object space 21504K, 61% used [0x00000000b8a00000,0x00000000b97022e8,0x00000000b9f00000)
Event: 2282.537 GC heap after
Heap after GC invocations=44 (full 0):
 PSYoungGen      total 16896K, used 64K [0x00000000eba80000, 0x00000000ecc00000, 0x0000000100000000)
  eden space 15872K, 0% used [0x00000000eba80000,0x00000000eba80000,0x00000000eca00000)
  from space 1024K, 6% used [0x00000000ecb00000,0x00000000ecb10000,0x00000000ecc00000)
  to   space 1024K, 0% used [0x00000000eca00000,0x00000000eca00000,0x00000000ecb00000)
 ParOldGen       total 41472K, used 8697K [0x00000000c3000000, 0x00000000c5880000, 0x00000000eba80000)
  object space 41472K, 20% used [0x00000000c3000000,0x00000000c387e638,0x00000000c5880000)
 PSPermGen       total 21504K, used 13320K [0x00000000b8a00000, 0x00000000b9f00000, 0x00000000c3000000)
  object space 21504K, 61% used [0x00000000b8a00000,0x00000000b97022e8,0x00000000b9f00000)
}
Event: 2336.119 GC heap before
{Heap before GC invocations=45 (full 0):
 PSYoungGen      total 16896K, used 15936K [0x00000000eba80000, 0x00000000ecc00000, 0x0000000100000000)
  eden space 15872K, 100% used [0x00000000eba80000,0x00000000eca00000,0x00000000eca00000)
  from space 1024K, 6% used [0x00000000ecb00000,0x00000000ecb10000,0x00000000ecc00000)
  to   space 1024K, 0% used [0x00000000eca00000,0x00000000eca00000,0x00000000ecb00000)
 ParOldGen       total 41472K, used 8697K [0x00000000c3000000, 0x00000000c5880000, 0x00000000eba80000)
  object space 41472K, 20% used [0x00000000c3000000,0x00000000c387e638,0x00000000c5880000)
 PSPermGen       total 21504K, used 13320K [0x00000000b8a00000, 0x00000000b9f00000, 0x00000000c3000000)
  object space 21504K, 61% used [0x00000000b8a00000,0x00000000b97022e8,0x00000000b9f00000)
Event: 2336.120 GC heap after
Heap after GC invocations=45 (full 0):
 PSYoungGen      total 16896K, used 64K [0x00000000eba80000, 0x00000000ecc00000, 0x0000000100000000)
  eden space 15872K, 0% used [0x00000000eba80000,0x00000000eba80000,0x00000000eca00000)
  from space 1024K, 6% used [0x00000000eca00000,0x00000000eca10000,0x00000000ecb00000)
  to   space 1024K, 0% used [0x00000000ecb00000,0x00000000ecb00000,0x00000000ecc00000)
 ParOldGen       total 41472K, used 8713K [0x00000000c3000000, 0x00000000c5880000, 0x00000000eba80000)
  object space 41472K, 21% used [0x00000000c3000000,0x00000000c3882638,0x00000000c5880000)
 PSPermGen       total 21504K, used 13320K [0x00000000b8a00000, 0x00000000b9f00000, 0x00000000c3000000)
  object space 21504K, 61% used [0x00000000b8a00000,0x00000000b97022e8,0x00000000b9f00000)
}
Event: 2388.768 GC heap before
{Heap before GC invocations=46 (full 0):
 PSYoungGen      total 16896K, used 15936K [0x00000000eba80000, 0x00000000ecc00000, 0x0000000100000000)
  eden space 15872K, 100% used [0x00000000eba80000,0x00000000eca00000,0x00000000eca00000)
  from space 1024K, 6% used [0x00000000eca00000,0x00000000eca10000,0x00000000ecb00000)
  to   space 1024K, 0% used [0x00000000ecb00000,0x00000000ecb00000,0x00000000ecc00000)
 ParOldGen       total 41472K, used 8713K [0x00000000c3000000, 0x00000000c5880000, 0x00000000eba80000)
  object space 41472K, 21% used [0x00000000c3000000,0x00000000c3882638,0x00000000c5880000)
 PSPermGen       total 21504K, used 13320K [0x00000000b8a00000, 0x00000000b9f00000, 0x00000000c3000000)
  object space 21504K, 61% used [0x00000000b8a00000,0x00000000b97022e8,0x00000000b9f00000)
Event: 2388.769 GC heap after
Heap after GC invocations=46 (full 0):
 PSYoungGen      total 16896K, used 112K [0x00000000eba80000, 0x00000000ecc00000, 0x0000000100000000)
  eden space 15872K, 0% used [0x00000000eba80000,0x00000000eba80000,0x00000000eca00000)
  from space 1024K, 10% used [0x00000000ecb00000,0x00000000ecb1c010,0x00000000ecc00000)
  to   space 1024K, 0% used [0x00000000eca00000,0x00000000eca00000,0x00000000ecb00000)
 ParOldGen       total 41472K, used 8713K [0x00000000c3000000, 0x00000000c5880000, 0x00000000eba80000)
  object space 41472K, 21% used [0x00000000c3000000,0x00000000c3882638,0x00000000c5880000)
 PSPermGen       total 21504K, used 13320K [0x00000000b8a00000, 0x00000000b9f00000, 0x00000000c3000000)
  object space 21504K, 61% used [0x00000000b8a00000,0x00000000b97022e8,0x00000000b9f00000)
}
Event: 2439.001 GC heap before
{Heap before GC invocations=47 (full 0):
 PSYoungGen      total 16896K, used 15984K [0x00000000eba80000, 0x00000000ecc00000, 0x0000000100000000)
  eden space 15872K, 100% used [0x00000000eba80000,0x00000000eca00000,0x00000000eca00000)
  from space 1024K, 10% used [0x00000000ecb00000,0x00000000ecb1c010,0x00000000ecc00000)
  to   space 1024K, 0% used [0x00000000eca00000,0x00000000eca00000,0x00000000ecb00000)
 ParOldGen       total 41472K, used 8713K [0x00000000c3000000, 0x00000000c5880000, 0x00000000eba80000)
  object space 41472K, 21% used [0x00000000c3000000,0x00000000c3882638,0x00000000c5880000)
 PSPermGen       total 21504K, used 13351K [0x00000000b8a00000, 0x00000000b9f00000, 0x00000000c3000000)
  object space 21504K, 62% used [0x00000000b8a00000,0x00000000b9709c08,0x00000000b9f00000)
Event: 2439.002 GC heap after
Heap after GC invocations=47 (full 0):
 PSYoungGen      total 16896K, used 336K [0x00000000eba80000, 0x00000000ecc00000, 0x0000000100000000)
  eden space 15872K, 0% used [0x00000000eba80000,0x00000000eba80000,0x00000000eca00000)
  from space 1024K, 32% used [0x00000000eca00000,0x00000000eca54010,0x00000000ecb00000)
  to   space 1024K, 0% used [0x00000000ecb00000,0x00000000ecb00000,0x00000000ecc00000)
 ParOldGen       total 41472K, used 8729K [0x00000000c3000000, 0x00000000c5880000, 0x00000000eba80000)
  object space 41472K, 21% used [0x00000000c3000000,0x00000000c3886638,0x00000000c5880000)
 PSPermGen       total 21504K, used 13351K [0x00000000b8a00000, 0x00000000b9f00000, 0x00000000c3000000)
  object space 21504K, 62% used [0x00000000b8a00000,0x00000000b9709c08,0x00000000b9f00000)
}

