# JRE version: OpenJDK Runtime Environment (7.0_55-b14) (build 1.7.0_55-b14)
# Java VM: OpenJDK 64-Bit Server VM (24.51-b03 mixed mode linux-amd64 compressed oops)
Heap
 PSYoungGen      total 22016K, used 9457K [0x00000000eba80000, 0x00000000ed600000, 0x0000000100000000)
  eden space 15872K, 59% used [0x00000000eba80000,0x00000000ec3ac7a8,0x00000000eca00000)
  from space 6144K, 1% used [0x00000000ed000000,0x00000000ed010000,0x00000000ed600000)
  to   space 6144K, 0% used [0x00000000eca00000,0x00000000eca00000,0x00000000ed000000)
 ParOldGen       total 41472K, used 8336K [0x00000000c3000000, 0x00000000c5880000, 0x00000000eba80000)
  object space 41472K, 20% used [0x00000000c3000000,0x00000000c3824250,0x00000000c5880000)
 PSPermGen       total 21504K, used 13184K [0x00000000b8a00000, 0x00000000b9f00000, 0x00000000c3000000)
  object space 21504K, 61% used [0x00000000b8a00000,0x00000000b96e0178,0x00000000b9f00000)
GC Heap History (10 events):
Event: 674.357 GC heap before
{Heap before GC invocations=12 (full 0):
 PSYoungGen      total 23040K, used 15904K [0x00000000eba80000, 0x00000000ed800000, 0x0000000100000000)
  eden space 15872K, 100% used [0x00000000eba80000,0x00000000eca00000,0x00000000eca00000)
  from space 7168K, 0% used [0x00000000eca00000,0x00000000eca08000,0x00000000ed100000)
  to   space 7168K, 0% used [0x00000000ed100000,0x00000000ed100000,0x00000000ed800000)
 ParOldGen       total 41472K, used 8336K [0x00000000c3000000, 0x00000000c5880000, 0x00000000eba80000)
  object space 41472K, 20% used [0x00000000c3000000,0x00000000c3824250,0x00000000c5880000)
 PSPermGen       total 21504K, used 13149K [0x00000000b8a00000, 0x00000000b9f00000, 0x00000000c3000000)
  object space 21504K, 61% used [0x00000000b8a00000,0x00000000b96d7668,0x00000000b9f00000)
Event: 674.358 GC heap after
Heap after GC invocations=12 (full 0):
 PSYoungGen      total 23040K, used 32K [0x00000000eba80000, 0x00000000ed800000, 0x0000000100000000)
  eden space 15872K, 0% used [0x00000000eba80000,0x00000000eba80000,0x00000000eca00000)
  from space 7168K, 0% used [0x00000000ed100000,0x00000000ed108000,0x00000000ed800000)
  to   space 7168K, 0% used [0x00000000eca00000,0x00000000eca00000,0x00000000ed100000)
 ParOldGen       total 41472K, used 8336K [0x00000000c3000000, 0x00000000c5880000, 0x00000000eba80000)
  object space 41472K, 20% used [0x00000000c3000000,0x00000000c3824250,0x00000000c5880000)
 PSPermGen       total 21504K, used 13149K [0x00000000b8a00000, 0x00000000b9f00000, 0x00000000c3000000)
  object space 21504K, 61% used [0x00000000b8a00000,0x00000000b96d7668,0x00000000b9f00000)
}
Event: 741.389 GC heap before
{Heap before GC invocations=13 (full 0):
 PSYoungGen      total 23040K, used 15904K [0x00000000eba80000, 0x00000000ed800000, 0x0000000100000000)
  eden space 15872K, 100% used [0x00000000eba80000,0x00000000eca00000,0x00000000eca00000)
  from space 7168K, 0% used [0x00000000ed100000,0x00000000ed108000,0x00000000ed800000)
  to   space 7168K, 0% used [0x00000000eca00000,0x00000000eca00000,0x00000000ed100000)
 ParOldGen       total 41472K, used 8336K [0x00000000c3000000, 0x00000000c5880000, 0x00000000eba80000)
  object space 41472K, 20% used [0x00000000c3000000,0x00000000c3824250,0x00000000c5880000)
 PSPermGen       total 21504K, used 13149K [0x00000000b8a00000, 0x00000000b9f00000, 0x00000000c3000000)
  object space 21504K, 61% used [0x00000000b8a00000,0x00000000b96d7668,0x00000000b9f00000)
Event: 741.390 GC heap after
Heap after GC invocations=13 (full 0):
 PSYoungGen      total 16384K, used 32K [0x00000000eba80000, 0x00000000ed700000, 0x0000000100000000)
  eden space 15872K, 0% used [0x00000000eba80000,0x00000000eba80000,0x00000000eca00000)
  from space 512K, 6% used [0x00000000eca00000,0x00000000eca08000,0x00000000eca80000)
  to   space 6656K, 0% used [0x00000000ed080000,0x00000000ed080000,0x00000000ed700000)
 ParOldGen       total 41472K, used 8336K [0x00000000c3000000, 0x00000000c5880000, 0x00000000eba80000)
  object space 41472K, 20% used [0x00000000c3000000,0x00000000c3824250,0x00000000c5880000)
 PSPermGen       total 21504K, used 13149K [0x00000000b8a00000, 0x00000000b9f00000, 0x00000000c3000000)
  object space 21504K, 61% used [0x00000000b8a00000,0x00000000b96d7668,0x00000000b9f00000)
}
Event: 808.289 GC heap before
{Heap before GC invocations=14 (full 0):
 PSYoungGen      total 16384K, used 15904K [0x00000000eba80000, 0x00000000ed700000, 0x0000000100000000)
  eden space 15872K, 100% used [0x00000000eba80000,0x00000000eca00000,0x00000000eca00000)
  from space 512K, 6% used [0x00000000eca00000,0x00000000eca08000,0x00000000eca80000)
  to   space 6656K, 0% used [0x00000000ed080000,0x00000000ed080000,0x00000000ed700000)
 ParOldGen       total 41472K, used 8336K [0x00000000c3000000, 0x00000000c5880000, 0x00000000eba80000)
  object space 41472K, 20% used [0x00000000c3000000,0x00000000c3824250,0x00000000c5880000)
 PSPermGen       total 21504K, used 13149K [0x00000000b8a00000, 0x00000000b9f00000, 0x00000000c3000000)
  object space 21504K, 61% used [0x00000000b8a00000,0x00000000b96d7668,0x00000000b9f00000)
Event: 808.290 GC heap after
Heap after GC invocations=14 (full 0):
 PSYoungGen      total 22528K, used 32K [0x00000000eba80000, 0x00000000ed700000, 0x0000000100000000)
  eden space 15872K, 0% used [0x00000000eba80000,0x00000000eba80000,0x00000000eca00000)
  from space 6656K, 0% used [0x00000000ed080000,0x00000000ed088000,0x00000000ed700000)
  to   space 6656K, 0% used [0x00000000eca00000,0x00000000eca00000,0x00000000ed080000)
 ParOldGen       total 41472K, used 8336K [0x00000000c3000000, 0x00000000c5880000, 0x00000000eba80000)
  object space 41472K, 20% used [0x00000000c3000000,0x00000000c3824250,0x00000000c5880000)
 PSPermGen       total 21504K, used 13149K [0x00000000b8a00000, 0x00000000b9f00000, 0x00000000c3000000)
  object space 21504K, 61% used [0x00000000b8a00000,0x00000000b96d7668,0x00000000b9f00000)
}
Event: 875.037 GC heap before
{Heap before GC invocations=15 (full 0):
 PSYoungGen      total 22528K, used 15904K [0x00000000eba80000, 0x00000000ed700000, 0x0000000100000000)
  eden space 15872K, 100% used [0x00000000eba80000,0x00000000eca00000,0x00000000eca00000)
  from space 6656K, 0% used [0x00000000ed080000,0x00000000ed088000,0x00000000ed700000)
  to   space 6656K, 0% used [0x00000000eca00000,0x00000000eca00000,0x00000000ed080000)
 ParOldGen       total 41472K, used 8336K [0x00000000c3000000, 0x00000000c5880000, 0x00000000eba80000)
  object space 41472K, 20% used [0x00000000c3000000,0x00000000c3824250,0x00000000c5880000)
 PSPermGen       total 21504K, used 13149K [0x00000000b8a00000, 0x00000000b9f00000, 0x00000000c3000000)
  object space 21504K, 61% used [0x00000000b8a00000,0x00000000b96d7668,0x00000000b9f00000)
Event: 875.038 GC heap after
Heap after GC invocations=15 (full 0):
 PSYoungGen      total 16384K, used 64K [0x00000000eba80000, 0x00000000ed600000, 0x0000000100000000)
  eden space 15872K, 0% used [0x00000000eba80000,0x00000000eba80000,0x00000000eca00000)
  from space 512K, 12% used [0x00000000eca00000,0x00000000eca10000,0x00000000eca80000)
  to   space 6144K, 0% used [0x00000000ed000000,0x00000000ed000000,0x00000000ed600000)
 ParOldGen       total 41472K, used 8336K [0x00000000c3000000, 0x00000000c5880000, 0x00000000eba80000)
  object space 41472K, 20% used [0x00000000c3000000,0x00000000c3824250,0x00000000c5880000)
 PSPermGen       total 21504K, used 13149K [0x00000000b8a00000, 0x00000000b9f00000, 0x00000000c3000000)
  object space 21504K, 61% used [0x00000000b8a00000,0x00000000b96d7668,0x00000000b9f00000)
}
Event: 941.986 GC heap before
{Heap before GC invocations=16 (full 0):
 PSYoungGen      total 16384K, used 15936K [0x00000000eba80000, 0x00000000ed600000, 0x0000000100000000)
  eden space 15872K, 100% used [0x00000000eba80000,0x00000000eca00000,0x00000000eca00000)
  from space 512K, 12% used [0x00000000eca00000,0x00000000eca10000,0x00000000eca80000)
  to   space 6144K, 0% used [0x00000000ed000000,0x00000000ed000000,0x00000000ed600000)
 ParOldGen       total 41472K, used 8336K [0x00000000c3000000, 0x00000000c5880000, 0x00000000eba80000)
  object space 41472K, 20% used [0x00000000c3000000,0x00000000c3824250,0x00000000c5880000)
 PSPermGen       total 21504K, used 13149K [0x00000000b8a00000, 0x00000000b9f00000, 0x00000000c3000000)
  object space 21504K, 61% used [0x00000000b8a00000,0x00000000b96d7668,0x00000000b9f00000)
Event: 941.987 GC heap after
Heap after GC invocations=16 (full 0):
 PSYoungGen      total 22016K, used 64K [0x00000000eba80000, 0x00000000ed600000, 0x0000000100000000)
  eden space 15872K, 0% used [0x00000000eba80000,0x00000000eba80000,0x00000000eca00000)
  from space 6144K, 1% used [0x00000000ed000000,0x00000000ed010000,0x00000000ed600000)
  to   space 6144K, 0% used [0x00000000eca00000,0x00000000eca00000,0x00000000ed000000)
 ParOldGen       total 41472K, used 8336K [0x00000000c3000000, 0x00000000c5880000, 0x00000000eba80000)
  object space 41472K, 20% used [0x00000000c3000000,0x00000000c3824250,0x00000000c5880000)
 PSPermGen       total 21504K, used 13149K [0x00000000b8a00000, 0x00000000b9f00000, 0x00000000c3000000)
  object space 21504K, 61% used [0x00000000b8a00000,0x00000000b96d7668,0x00000000b9f00000)
}

