# JRE version: OpenJDK Runtime Environment (7.0_55-b14) (build 1.7.0_55-b14)
# Java VM: OpenJDK 64-Bit Server VM (24.51-b03 mixed mode linux-amd64 compressed oops)
Heap
 PSYoungGen      total 22528K, used 6438K [0x00000000eba80000, 0x00000000ed700000, 0x0000000100000000)
  eden space 15872K, 38% used [0x00000000eba80000,0x00000000ec07f900,0x00000000eca00000)
  from space 6656K, 4% used [0x00000000eca00000,0x00000000eca49fb0,0x00000000ed080000)
  to   space 6656K, 0% used [0x00000000ed080000,0x00000000ed080000,0x00000000ed700000)
 ParOldGen       total 41472K, used 8883K [0x00000000c3000000, 0x00000000c5880000, 0x00000000eba80000)
  object space 41472K, 21% used [0x00000000c3000000,0x00000000c38acd78,0x00000000c5880000)
 PSPermGen       total 21504K, used 13441K [0x00000000b8a00000, 0x00000000b9f00000, 0x00000000c3000000)
  object space 21504K, 62% used [0x00000000b8a00000,0x00000000b9720418,0x00000000b9f00000)
GC Heap History (10 events):
Event: 362.034 GC heap before
{Heap before GC invocations=9 (full 0):
 PSYoungGen      total 23040K, used 16016K [0x00000000eba80000, 0x00000000ed800000, 0x0000000100000000)
  eden space 15872K, 100% used [0x00000000eba80000,0x00000000eca00000,0x00000000eca00000)
  from space 7168K, 2% used [0x00000000ed100000,0x00000000ed124010,0x00000000ed800000)
  to   space 7168K, 0% used [0x00000000eca00000,0x00000000eca00000,0x00000000ed100000)
 ParOldGen       total 41472K, used 8346K [0x00000000c3000000, 0x00000000c5880000, 0x00000000eba80000)
  object space 41472K, 20% used [0x00000000c3000000,0x00000000c3826b78,0x00000000c5880000)
 PSPermGen       total 21504K, used 13344K [0x00000000b8a00000, 0x00000000b9f00000, 0x00000000c3000000)
  object space 21504K, 62% used [0x00000000b8a00000,0x00000000b9708260,0x00000000b9f00000)
Event: 362.037 GC heap after
Heap after GC invocations=9 (full 0):
 PSYoungGen      total 23040K, used 144K [0x00000000eba80000, 0x00000000ed800000, 0x0000000100000000)
  eden space 15872K, 0% used [0x00000000eba80000,0x00000000eba80000,0x00000000eca00000)
  from space 7168K, 2% used [0x00000000eca00000,0x00000000eca24010,0x00000000ed100000)
  to   space 7168K, 0% used [0x00000000ed100000,0x00000000ed100000,0x00000000ed800000)
 ParOldGen       total 41472K, used 8354K [0x00000000c3000000, 0x00000000c5880000, 0x00000000eba80000)
  object space 41472K, 20% used [0x00000000c3000000,0x00000000c3828b78,0x00000000c5880000)
 PSPermGen       total 21504K, used 13344K [0x00000000b8a00000, 0x00000000b9f00000, 0x00000000c3000000)
  object space 21504K, 62% used [0x00000000b8a00000,0x00000000b9708260,0x00000000b9f00000)
}
Event: 412.896 GC heap before
{Heap before GC invocations=10 (full 0):
 PSYoungGen      total 23040K, used 16016K [0x00000000eba80000, 0x00000000ed800000, 0x0000000100000000)
  eden space 15872K, 100% used [0x00000000eba80000,0x00000000eca00000,0x00000000eca00000)
  from space 7168K, 2% used [0x00000000eca00000,0x00000000eca24010,0x00000000ed100000)
  to   space 7168K, 0% used [0x00000000ed100000,0x00000000ed100000,0x00000000ed800000)
 ParOldGen       total 41472K, used 8354K [0x00000000c3000000, 0x00000000c5880000, 0x00000000eba80000)
  object space 41472K, 20% used [0x00000000c3000000,0x00000000c3828b78,0x00000000c5880000)
 PSPermGen       total 21504K, used 13406K [0x00000000b8a00000, 0x00000000b9f00000, 0x00000000c3000000)
  object space 21504K, 62% used [0x00000000b8a00000,0x00000000b9717a00,0x00000000b9f00000)
Event: 412.897 GC heap after
Heap after GC invocations=10 (full 0):
 PSYoungGen      total 23040K, used 400K [0x00000000eba80000, 0x00000000ed800000, 0x0000000100000000)
  eden space 15872K, 0% used [0x00000000eba80000,0x00000000eba80000,0x00000000eca00000)
  from space 7168K, 5% used [0x00000000ed100000,0x00000000ed164030,0x00000000ed800000)
  to   space 7168K, 0% used [0x00000000eca00000,0x00000000eca00000,0x00000000ed100000)
 ParOldGen       total 41472K, used 8362K [0x00000000c3000000, 0x00000000c5880000, 0x00000000eba80000)
  object space 41472K, 20% used [0x00000000c3000000,0x00000000c382ab78,0x00000000c5880000)
 PSPermGen       total 21504K, used 13406K [0x00000000b8a00000, 0x00000000b9f00000, 0x00000000c3000000)
  object space 21504K, 62% used [0x00000000b8a00000,0x00000000b9717a00,0x00000000b9f00000)
}
Event: 464.896 GC heap before
{Heap before GC invocations=11 (full 0):
 PSYoungGen      total 23040K, used 16272K [0x00000000eba80000, 0x00000000ed800000, 0x0000000100000000)
  eden space 15872K, 100% used [0x00000000eba80000,0x00000000eca00000,0x00000000eca00000)
  from space 7168K, 5% used [0x00000000ed100000,0x00000000ed164030,0x00000000ed800000)
  to   space 7168K, 0% used [0x00000000eca00000,0x00000000eca00000,0x00000000ed100000)
 ParOldGen       total 41472K, used 8362K [0x00000000c3000000, 0x00000000c5880000, 0x00000000eba80000)
  object space 41472K, 20% used [0x00000000c3000000,0x00000000c382ab78,0x00000000c5880000)
 PSPermGen       total 21504K, used 13407K [0x00000000b8a00000, 0x00000000b9f00000, 0x00000000c3000000)
  object space 21504K, 62% used [0x00000000b8a00000,0x00000000b9717e50,0x00000000b9f00000)
Event: 464.897 GC heap after
Heap after GC invocations=11 (full 0):
 PSYoungGen      total 23040K, used 272K [0x00000000eba80000, 0x00000000ed800000, 0x0000000100000000)
  eden space 15872K, 0% used [0x00000000eba80000,0x00000000eba80000,0x00000000eca00000)
  from space 7168K, 3% used [0x00000000eca00000,0x00000000eca44050,0x00000000ed100000)
  to   space 7168K, 0% used [0x00000000ed100000,0x00000000ed100000,0x00000000ed800000)
 ParOldGen       total 41472K, used 8643K [0x00000000c3000000, 0x00000000c5880000, 0x00000000eba80000)
  object space 41472K, 20% used [0x00000000c3000000,0x00000000c3870c38,0x00000000c5880000)
 PSPermGen       total 21504K, used 13407K [0x00000000b8a00000, 0x00000000b9f00000, 0x00000000c3000000)
  object space 21504K, 62% used [0x00000000b8a00000,0x00000000b9717e50,0x00000000b9f00000)
}
Event: 518.232 GC heap before
{Heap before GC invocations=12 (full 0):
 PSYoungGen      total 23040K, used 16144K [0x00000000eba80000, 0x00000000ed800000, 0x0000000100000000)
  eden space 15872K, 100% used [0x00000000eba80000,0x00000000eca00000,0x00000000eca00000)
  from space 7168K, 3% used [0x00000000eca00000,0x00000000eca44050,0x00000000ed100000)
  to   space 7168K, 0% used [0x00000000ed100000,0x00000000ed100000,0x00000000ed800000)
 ParOldGen       total 41472K, used 8643K [0x00000000c3000000, 0x00000000c5880000, 0x00000000eba80000)
  object space 41472K, 20% used [0x00000000c3000000,0x00000000c3870c38,0x00000000c5880000)
 PSPermGen       total 21504K, used 13407K [0x00000000b8a00000, 0x00000000b9f00000, 0x00000000c3000000)
  object space 21504K, 62% used [0x00000000b8a00000,0x00000000b9717f28,0x00000000b9f00000)
Event: 518.234 GC heap after
Heap after GC invocations=12 (full 0):
 PSYoungGen      total 22016K, used 32K [0x00000000eba80000, 0x00000000ed700000, 0x0000000100000000)
  eden space 15872K, 0% used [0x00000000eba80000,0x00000000eba80000,0x00000000eca00000)
  from space 6144K, 0% used [0x00000000ed100000,0x00000000ed108000,0x00000000ed700000)
  to   space 6656K, 0% used [0x00000000eca00000,0x00000000eca00000,0x00000000ed080000)
 ParOldGen       total 41472K, used 8867K [0x00000000c3000000, 0x00000000c5880000, 0x00000000eba80000)
  object space 41472K, 21% used [0x00000000c3000000,0x00000000c38a8d78,0x00000000c5880000)
 PSPermGen       total 21504K, used 13407K [0x00000000b8a00000, 0x00000000b9f00000, 0x00000000c3000000)
  object space 21504K, 62% used [0x00000000b8a00000,0x00000000b9717f28,0x00000000b9f00000)
}
Event: 569.746 GC heap before
{Heap before GC invocations=13 (full 0):
 PSYoungGen      total 22016K, used 15904K [0x00000000eba80000, 0x00000000ed700000, 0x0000000100000000)
  eden space 15872K, 100% used [0x00000000eba80000,0x00000000eca00000,0x00000000eca00000)
  from space 6144K, 0% used [0x00000000ed100000,0x00000000ed108000,0x00000000ed700000)
  to   space 6656K, 0% used [0x00000000eca00000,0x00000000eca00000,0x00000000ed080000)
 ParOldGen       total 41472K, used 8867K [0x00000000c3000000, 0x00000000c5880000, 0x00000000eba80000)
  object space 41472K, 21% used [0x00000000c3000000,0x00000000c38a8d78,0x00000000c5880000)
 PSPermGen       total 21504K, used 13414K [0x00000000b8a00000, 0x00000000b9f00000, 0x00000000c3000000)
  object space 21504K, 62% used [0x00000000b8a00000,0x00000000b9719870,0x00000000b9f00000)
Event: 569.748 GC heap after
Heap after GC invocations=13 (full 0):
 PSYoungGen      total 22528K, used 295K [0x00000000eba80000, 0x00000000ed700000, 0x0000000100000000)
  eden space 15872K, 0% used [0x00000000eba80000,0x00000000eba80000,0x00000000eca00000)
  from space 6656K, 4% used [0x00000000eca00000,0x00000000eca49fb0,0x00000000ed080000)
  to   space 6656K, 0% used [0x00000000ed080000,0x00000000ed080000,0x00000000ed700000)
 ParOldGen       total 41472K, used 8883K [0x00000000c3000000, 0x00000000c5880000, 0x00000000eba80000)
  object space 41472K, 21% used [0x00000000c3000000,0x00000000c38acd78,0x00000000c5880000)
 PSPermGen       total 21504K, used 13414K [0x00000000b8a00000, 0x00000000b9f00000, 0x00000000c3000000)
  object space 21504K, 62% used [0x00000000b8a00000,0x00000000b9719870,0x00000000b9f00000)
}

