# JRE version: OpenJDK Runtime Environment (7.0_55-b14) (build 1.7.0_55-b14)
# Java VM: OpenJDK 64-Bit Server VM (24.51-b03 mixed mode linux-amd64 compressed oops)
Heap
 PSYoungGen      total 16384K, used 11970K [0x00000000eba80000, 0x00000000ecb80000, 0x0000000100000000)
  eden space 15872K, 75% used [0x00000000eba80000,0x00000000ec628b70,0x00000000eca00000)
  from space 512K, 6% used [0x00000000eca80000,0x00000000eca88000,0x00000000ecb00000)
  to   space 512K, 0% used [0x00000000ecb00000,0x00000000ecb00000,0x00000000ecb80000)
 ParOldGen       total 41472K, used 7580K [0x00000000c3000000, 0x00000000c5880000, 0x00000000eba80000)
  object space 41472K, 18% used [0x00000000c3000000,0x00000000c37673e0,0x00000000c5880000)
 PSPermGen       total 21504K, used 12348K [0x00000000b8a00000, 0x00000000b9f00000, 0x00000000c3000000)
  object space 21504K, 57% used [0x00000000b8a00000,0x00000000b960f210,0x00000000b9f00000)
GC Heap History (10 events):
Event: 5342.042 GC heap before
{Heap before GC invocations=161 (full 0):
 PSYoungGen      total 16384K, used 15904K [0x00000000eba80000, 0x00000000ecb80000, 0x0000000100000000)
  eden space 15872K, 100% used [0x00000000eba80000,0x00000000eca00000,0x00000000eca00000)
  from space 512K, 6% used [0x00000000ecb00000,0x00000000ecb08000,0x00000000ecb80000)
  to   space 512K, 0% used [0x00000000eca80000,0x00000000eca80000,0x00000000ecb00000)
 ParOldGen       total 41472K, used 7580K [0x00000000c3000000, 0x00000000c5880000, 0x00000000eba80000)
  object space 41472K, 18% used [0x00000000c3000000,0x00000000c37673e0,0x00000000c5880000)
 PSPermGen       total 21504K, used 12321K [0x00000000b8a00000, 0x00000000b9f00000, 0x00000000c3000000)
  object space 21504K, 57% used [0x00000000b8a00000,0x00000000b9608668,0x00000000b9f00000)
Event: 5342.043 GC heap after
Heap after GC invocations=161 (full 0):
 PSYoungGen      total 16384K, used 64K [0x00000000eba80000, 0x00000000ecb80000, 0x0000000100000000)
  eden space 15872K, 0% used [0x00000000eba80000,0x00000000eba80000,0x00000000eca00000)
  from space 512K, 12% used [0x00000000eca80000,0x00000000eca90000,0x00000000ecb00000)
  to   space 512K, 0% used [0x00000000ecb00000,0x00000000ecb00000,0x00000000ecb80000)
 ParOldGen       total 41472K, used 7580K [0x00000000c3000000, 0x00000000c5880000, 0x00000000eba80000)
  object space 41472K, 18% used [0x00000000c3000000,0x00000000c37673e0,0x00000000c5880000)
 PSPermGen       total 21504K, used 12321K [0x00000000b8a00000, 0x00000000b9f00000, 0x00000000c3000000)
  object space 21504K, 57% used [0x00000000b8a00000,0x00000000b9608668,0x00000000b9f00000)
}
Event: 5375.422 GC heap before
{Heap before GC invocations=162 (full 0):
 PSYoungGen      total 16384K, used 15936K [0x00000000eba80000, 0x00000000ecb80000, 0x0000000100000000)
  eden space 15872K, 100% used [0x00000000eba80000,0x00000000eca00000,0x00000000eca00000)
  from space 512K, 12% used [0x00000000eca80000,0x00000000eca90000,0x00000000ecb00000)
  to   space 512K, 0% used [0x00000000ecb00000,0x00000000ecb00000,0x00000000ecb80000)
 ParOldGen       total 41472K, used 7580K [0x00000000c3000000, 0x00000000c5880000, 0x00000000eba80000)
  object space 41472K, 18% used [0x00000000c3000000,0x00000000c37673e0,0x00000000c5880000)
 PSPermGen       total 21504K, used 12321K [0x00000000b8a00000, 0x00000000b9f00000, 0x00000000c3000000)
  object space 21504K, 57% used [0x00000000b8a00000,0x00000000b9608668,0x00000000b9f00000)
Event: 5375.423 GC heap after
Heap after GC invocations=162 (full 0):
 PSYoungGen      total 16384K, used 32K [0x00000000eba80000, 0x00000000ecb80000, 0x0000000100000000)
  eden space 15872K, 0% used [0x00000000eba80000,0x00000000eba80000,0x00000000eca00000)
  from space 512K, 6% used [0x00000000ecb00000,0x00000000ecb08000,0x00000000ecb80000)
  to   space 512K, 0% used [0x00000000eca80000,0x00000000eca80000,0x00000000ecb00000)
 ParOldGen       total 41472K, used 7580K [0x00000000c3000000, 0x00000000c5880000, 0x00000000eba80000)
  object space 41472K, 18% used [0x00000000c3000000,0x00000000c37673e0,0x00000000c5880000)
 PSPermGen       total 21504K, used 12321K [0x00000000b8a00000, 0x00000000b9f00000, 0x00000000c3000000)
  object space 21504K, 57% used [0x00000000b8a00000,0x00000000b9608668,0x00000000b9f00000)
}
Event: 5408.922 GC heap before
{Heap before GC invocations=163 (full 0):
 PSYoungGen      total 16384K, used 15904K [0x00000000eba80000, 0x00000000ecb80000, 0x0000000100000000)
  eden space 15872K, 100% used [0x00000000eba80000,0x00000000eca00000,0x00000000eca00000)
  from space 512K, 6% used [0x00000000ecb00000,0x00000000ecb08000,0x00000000ecb80000)
  to   space 512K, 0% used [0x00000000eca80000,0x00000000eca80000,0x00000000ecb00000)
 ParOldGen       total 41472K, used 7580K [0x00000000c3000000, 0x00000000c5880000, 0x00000000eba80000)
  object space 41472K, 18% used [0x00000000c3000000,0x00000000c37673e0,0x00000000c5880000)
 PSPermGen       total 21504K, used 12321K [0x00000000b8a00000, 0x00000000b9f00000, 0x00000000c3000000)
  object space 21504K, 57% used [0x00000000b8a00000,0x00000000b9608668,0x00000000b9f00000)
Event: 5408.923 GC heap after
Heap after GC invocations=163 (full 0):
 PSYoungGen      total 16384K, used 32K [0x00000000eba80000, 0x00000000ecb80000, 0x0000000100000000)
  eden space 15872K, 0% used [0x00000000eba80000,0x00000000eba80000,0x00000000eca00000)
  from space 512K, 6% used [0x00000000eca80000,0x00000000eca88000,0x00000000ecb00000)
  to   space 512K, 0% used [0x00000000ecb00000,0x00000000ecb00000,0x00000000ecb80000)
 ParOldGen       total 41472K, used 7580K [0x00000000c3000000, 0x00000000c5880000, 0x00000000eba80000)
  object space 41472K, 18% used [0x00000000c3000000,0x00000000c37673e0,0x00000000c5880000)
 PSPermGen       total 21504K, used 12321K [0x00000000b8a00000, 0x00000000b9f00000, 0x00000000c3000000)
  object space 21504K, 57% used [0x00000000b8a00000,0x00000000b9608668,0x00000000b9f00000)
}
Event: 5442.440 GC heap before
{Heap before GC invocations=164 (full 0):
 PSYoungGen      total 16384K, used 15904K [0x00000000eba80000, 0x00000000ecb80000, 0x0000000100000000)
  eden space 15872K, 100% used [0x00000000eba80000,0x00000000eca00000,0x00000000eca00000)
  from space 512K, 6% used [0x00000000eca80000,0x00000000eca88000,0x00000000ecb00000)
  to   space 512K, 0% used [0x00000000ecb00000,0x00000000ecb00000,0x00000000ecb80000)
 ParOldGen       total 41472K, used 7580K [0x00000000c3000000, 0x00000000c5880000, 0x00000000eba80000)
  object space 41472K, 18% used [0x00000000c3000000,0x00000000c37673e0,0x00000000c5880000)
 PSPermGen       total 21504K, used 12321K [0x00000000b8a00000, 0x00000000b9f00000, 0x00000000c3000000)
  object space 21504K, 57% used [0x00000000b8a00000,0x00000000b9608668,0x00000000b9f00000)
Event: 5442.441 GC heap after
Heap after GC invocations=164 (full 0):
 PSYoungGen      total 16384K, used 32K [0x00000000eba80000, 0x00000000ecb80000, 0x0000000100000000)
  eden space 15872K, 0% used [0x00000000eba80000,0x00000000eba80000,0x00000000eca00000)
  from space 512K, 6% used [0x00000000ecb00000,0x00000000ecb08000,0x00000000ecb80000)
  to   space 512K, 0% used [0x00000000eca80000,0x00000000eca80000,0x00000000ecb00000)
 ParOldGen       total 41472K, used 7580K [0x00000000c3000000, 0x00000000c5880000, 0x00000000eba80000)
  object space 41472K, 18% used [0x00000000c3000000,0x00000000c37673e0,0x00000000c5880000)
 PSPermGen       total 21504K, used 12321K [0x00000000b8a00000, 0x00000000b9f00000, 0x00000000c3000000)
  object space 21504K, 57% used [0x00000000b8a00000,0x00000000b9608668,0x00000000b9f00000)
}
Event: 5476.040 GC heap before
{Heap before GC invocations=165 (full 0):
 PSYoungGen      total 16384K, used 15904K [0x00000000eba80000, 0x00000000ecb80000, 0x0000000100000000)
  eden space 15872K, 100% used [0x00000000eba80000,0x00000000eca00000,0x00000000eca00000)
  from space 512K, 6% used [0x00000000ecb00000,0x00000000ecb08000,0x00000000ecb80000)
  to   space 512K, 0% used [0x00000000eca80000,0x00000000eca80000,0x00000000ecb00000)
 ParOldGen       total 41472K, used 7580K [0x00000000c3000000, 0x00000000c5880000, 0x00000000eba80000)
  object space 41472K, 18% used [0x00000000c3000000,0x00000000c37673e0,0x00000000c5880000)
 PSPermGen       total 21504K, used 12321K [0x00000000b8a00000, 0x00000000b9f00000, 0x00000000c3000000)
  object space 21504K, 57% used [0x00000000b8a00000,0x00000000b9608668,0x00000000b9f00000)
Event: 5476.041 GC heap after
Heap after GC invocations=165 (full 0):
 PSYoungGen      total 16384K, used 32K [0x00000000eba80000, 0x00000000ecb80000, 0x0000000100000000)
  eden space 15872K, 0% used [0x00000000eba80000,0x00000000eba80000,0x00000000eca00000)
  from space 512K, 6% used [0x00000000eca80000,0x00000000eca88000,0x00000000ecb00000)
  to   space 512K, 0% used [0x00000000ecb00000,0x00000000ecb00000,0x00000000ecb80000)
 ParOldGen       total 41472K, used 7580K [0x00000000c3000000, 0x00000000c5880000, 0x00000000eba80000)
  object space 41472K, 18% used [0x00000000c3000000,0x00000000c37673e0,0x00000000c5880000)
 PSPermGen       total 21504K, used 12321K [0x00000000b8a00000, 0x00000000b9f00000, 0x00000000c3000000)
  object space 21504K, 57% used [0x00000000b8a00000,0x00000000b9608668,0x00000000b9f00000)
}

