# JRE version: OpenJDK Runtime Environment (7.0_55-b14) (build 1.7.0_55-b14)
# Java VM: OpenJDK 64-Bit Server VM (24.51-b03 mixed mode linux-amd64 compressed oops)
Heap
 PSYoungGen      total 21504K, used 12919K [0x00000000eba80000, 0x00000000ed500000, 0x0000000100000000)
  eden space 15872K, 80% used [0x00000000eba80000,0x00000000ec705f38,0x00000000eca00000)
  from space 5632K, 1% used [0x00000000eca00000,0x00000000eca18000,0x00000000ecf80000)
  to   space 5632K, 0% used [0x00000000ecf80000,0x00000000ecf80000,0x00000000ed500000)
 ParOldGen       total 41472K, used 6436K [0x00000000c3000000, 0x00000000c5880000, 0x00000000eba80000)
  object space 41472K, 15% used [0x00000000c3000000,0x00000000c3649210,0x00000000c5880000)
 PSPermGen       total 21504K, used 11115K [0x00000000b8a00000, 0x00000000b9f00000, 0x00000000c3000000)
  object space 21504K, 51% used [0x00000000b8a00000,0x00000000b94dac20,0x00000000b9f00000)
GC Heap History (10 events):
Event: 981.128 GC heap before
{Heap before GC invocations=9 (full 0):
 PSYoungGen      total 21504K, used 16032K [0x00000000eba80000, 0x00000000ed600000, 0x0000000100000000)
  eden space 15872K, 100% used [0x00000000eba80000,0x00000000eca00000,0x00000000eca00000)
  from space 5632K, 2% used [0x00000000ed000000,0x00000000ed028000,0x00000000ed580000)
  to   space 6144K, 0% used [0x00000000eca00000,0x00000000eca00000,0x00000000ed000000)
 ParOldGen       total 41472K, used 6388K [0x00000000c3000000, 0x00000000c5880000, 0x00000000eba80000)
  object space 41472K, 15% used [0x00000000c3000000,0x00000000c363d210,0x00000000c5880000)
 PSPermGen       total 21504K, used 10662K [0x00000000b8a00000, 0x00000000b9f00000, 0x00000000c3000000)
  object space 21504K, 49% used [0x00000000b8a00000,0x00000000b9469918,0x00000000b9f00000)
Event: 981.129 GC heap after
Heap after GC invocations=9 (full 0):
 PSYoungGen      total 22016K, used 160K [0x00000000eba80000, 0x00000000ed600000, 0x0000000100000000)
  eden space 15872K, 0% used [0x00000000eba80000,0x00000000eba80000,0x00000000eca00000)
  from space 6144K, 2% used [0x00000000eca00000,0x00000000eca28000,0x00000000ed000000)
  to   space 6144K, 0% used [0x00000000ed000000,0x00000000ed000000,0x00000000ed600000)
 ParOldGen       total 41472K, used 6388K [0x00000000c3000000, 0x00000000c5880000, 0x00000000eba80000)
  object space 41472K, 15% used [0x00000000c3000000,0x00000000c363d210,0x00000000c5880000)
 PSPermGen       total 21504K, used 10662K [0x00000000b8a00000, 0x00000000b9f00000, 0x00000000c3000000)
  object space 21504K, 49% used [0x00000000b8a00000,0x00000000b9469918,0x00000000b9f00000)
}
Event: 1056.077 GC heap before
{Heap before GC invocations=10 (full 0):
 PSYoungGen      total 22016K, used 16032K [0x00000000eba80000, 0x00000000ed600000, 0x0000000100000000)
  eden space 15872K, 100% used [0x00000000eba80000,0x00000000eca00000,0x00000000eca00000)
  from space 6144K, 2% used [0x00000000eca00000,0x00000000eca28000,0x00000000ed000000)
  to   space 6144K, 0% used [0x00000000ed000000,0x00000000ed000000,0x00000000ed600000)
 ParOldGen       total 41472K, used 6388K [0x00000000c3000000, 0x00000000c5880000, 0x00000000eba80000)
  object space 41472K, 15% used [0x00000000c3000000,0x00000000c363d210,0x00000000c5880000)
 PSPermGen       total 21504K, used 10663K [0x00000000b8a00000, 0x00000000b9f00000, 0x00000000c3000000)
  object space 21504K, 49% used [0x00000000b8a00000,0x00000000b9469eb8,0x00000000b9f00000)
Event: 1056.078 GC heap after
Heap after GC invocations=10 (full 0):
 PSYoungGen      total 22016K, used 160K [0x00000000eba80000, 0x00000000ed600000, 0x0000000100000000)
  eden space 15872K, 0% used [0x00000000eba80000,0x00000000eba80000,0x00000000eca00000)
  from space 6144K, 2% used [0x00000000ed000000,0x00000000ed028000,0x00000000ed600000)
  to   space 6144K, 0% used [0x00000000eca00000,0x00000000eca00000,0x00000000ed000000)
 ParOldGen       total 41472K, used 6412K [0x00000000c3000000, 0x00000000c5880000, 0x00000000eba80000)
  object space 41472K, 15% used [0x00000000c3000000,0x00000000c3643210,0x00000000c5880000)
 PSPermGen       total 21504K, used 10663K [0x00000000b8a00000, 0x00000000b9f00000, 0x00000000c3000000)
  object space 21504K, 49% used [0x00000000b8a00000,0x00000000b9469eb8,0x00000000b9f00000)
}
Event: 1129.059 GC heap before
{Heap before GC invocations=11 (full 0):
 PSYoungGen      total 22016K, used 16031K [0x00000000eba80000, 0x00000000ed600000, 0x0000000100000000)
  eden space 15872K, 99% used [0x00000000eba80000,0x00000000ec9fffe8,0x00000000eca00000)
  from space 6144K, 2% used [0x00000000ed000000,0x00000000ed028000,0x00000000ed600000)
  to   space 6144K, 0% used [0x00000000eca00000,0x00000000eca00000,0x00000000ed000000)
 ParOldGen       total 41472K, used 6412K [0x00000000c3000000, 0x00000000c5880000, 0x00000000eba80000)
  object space 41472K, 15% used [0x00000000c3000000,0x00000000c3643210,0x00000000c5880000)
 PSPermGen       total 21504K, used 10663K [0x00000000b8a00000, 0x00000000b9f00000, 0x00000000c3000000)
  object space 21504K, 49% used [0x00000000b8a00000,0x00000000b9469eb8,0x00000000b9f00000)
Event: 1129.060 GC heap after
Heap after GC invocations=11 (full 0):
 PSYoungGen      total 22016K, used 64K [0x00000000eba80000, 0x00000000ed600000, 0x0000000100000000)
  eden space 15872K, 0% used [0x00000000eba80000,0x00000000eba80000,0x00000000eca00000)
  from space 6144K, 1% used [0x00000000eca00000,0x00000000eca10000,0x00000000ed000000)
  to   space 6144K, 0% used [0x00000000ed000000,0x00000000ed000000,0x00000000ed600000)
 ParOldGen       total 41472K, used 6428K [0x00000000c3000000, 0x00000000c5880000, 0x00000000eba80000)
  object space 41472K, 15% used [0x00000000c3000000,0x00000000c3647210,0x00000000c5880000)
 PSPermGen       total 21504K, used 10663K [0x00000000b8a00000, 0x00000000b9f00000, 0x00000000c3000000)
  object space 21504K, 49% used [0x00000000b8a00000,0x00000000b9469eb8,0x00000000b9f00000)
}
Event: 1203.375 GC heap before
{Heap before GC invocations=12 (full 0):
 PSYoungGen      total 22016K, used 15936K [0x00000000eba80000, 0x00000000ed600000, 0x0000000100000000)
  eden space 15872K, 100% used [0x00000000eba80000,0x00000000eca00000,0x00000000eca00000)
  from space 6144K, 1% used [0x00000000eca00000,0x00000000eca10000,0x00000000ed000000)
  to   space 6144K, 0% used [0x00000000ed000000,0x00000000ed000000,0x00000000ed600000)
 ParOldGen       total 41472K, used 6428K [0x00000000c3000000, 0x00000000c5880000, 0x00000000eba80000)
  object space 41472K, 15% used [0x00000000c3000000,0x00000000c3647210,0x00000000c5880000)
 PSPermGen       total 21504K, used 10666K [0x00000000b8a00000, 0x00000000b9f00000, 0x00000000c3000000)
  object space 21504K, 49% used [0x00000000b8a00000,0x00000000b946a858,0x00000000b9f00000)
Event: 1203.376 GC heap after
Heap after GC invocations=12 (full 0):
 PSYoungGen      total 20992K, used 128K [0x00000000eba80000, 0x00000000ed500000, 0x0000000100000000)
  eden space 15872K, 0% used [0x00000000eba80000,0x00000000eba80000,0x00000000eca00000)
  from space 5120K, 2% used [0x00000000ed000000,0x00000000ed020000,0x00000000ed500000)
  to   space 5632K, 0% used [0x00000000eca00000,0x00000000eca00000,0x00000000ecf80000)
 ParOldGen       total 41472K, used 6428K [0x00000000c3000000, 0x00000000c5880000, 0x00000000eba80000)
  object space 41472K, 15% used [0x00000000c3000000,0x00000000c3647210,0x00000000c5880000)
 PSPermGen       total 21504K, used 10666K [0x00000000b8a00000, 0x00000000b9f00000, 0x00000000c3000000)
  object space 21504K, 49% used [0x00000000b8a00000,0x00000000b946a858,0x00000000b9f00000)
}
Event: 1288.774 GC heap before
{Heap before GC invocations=13 (full 0):
 PSYoungGen      total 20992K, used 16000K [0x00000000eba80000, 0x00000000ed500000, 0x0000000100000000)
  eden space 15872K, 100% used [0x00000000eba80000,0x00000000eca00000,0x00000000eca00000)
  from space 5120K, 2% used [0x00000000ed000000,0x00000000ed020000,0x00000000ed500000)
  to   space 5632K, 0% used [0x00000000eca00000,0x00000000eca00000,0x00000000ecf80000)
 ParOldGen       total 41472K, used 6428K [0x00000000c3000000, 0x00000000c5880000, 0x00000000eba80000)
  object space 41472K, 15% used [0x00000000c3000000,0x00000000c3647210,0x00000000c5880000)
 PSPermGen       total 21504K, used 10766K [0x00000000b8a00000, 0x00000000b9f00000, 0x00000000c3000000)
  object space 21504K, 50% used [0x00000000b8a00000,0x00000000b9483bd0,0x00000000b9f00000)
Event: 1288.776 GC heap after
Heap after GC invocations=13 (full 0):
 PSYoungGen      total 21504K, used 96K [0x00000000eba80000, 0x00000000ed500000, 0x0000000100000000)
  eden space 15872K, 0% used [0x00000000eba80000,0x00000000eba80000,0x00000000eca00000)
  from space 5632K, 1% used [0x00000000eca00000,0x00000000eca18000,0x00000000ecf80000)
  to   space 5632K, 0% used [0x00000000ecf80000,0x00000000ecf80000,0x00000000ed500000)
 ParOldGen       total 41472K, used 6436K [0x00000000c3000000, 0x00000000c5880000, 0x00000000eba80000)
  object space 41472K, 15% used [0x00000000c3000000,0x00000000c3649210,0x00000000c5880000)
 PSPermGen       total 21504K, used 10766K [0x00000000b8a00000, 0x00000000b9f00000, 0x00000000c3000000)
  object space 21504K, 50% used [0x00000000b8a00000,0x00000000b9483bd0,0x00000000b9f00000)
}

