# JRE version: OpenJDK Runtime Environment (7.0_55-b14) (build 1.7.0_55-b14)
# Java VM: OpenJDK 64-Bit Server VM (24.51-b03 mixed mode linux-amd64 compressed oops)
Heap
 PSYoungGen      total 22016K, used 1845K [0x00000000eba80000, 0x00000000ed600000, 0x0000000100000000)
  eden space 15872K, 11% used [0x00000000eba80000,0x00000000ebc355d8,0x00000000eca00000)
  from space 6144K, 1% used [0x00000000ed000000,0x00000000ed018000,0x00000000ed600000)
  to   space 6144K, 0% used [0x00000000eca00000,0x00000000eca00000,0x00000000ed000000)
 ParOldGen       total 41472K, used 8436K [0x00000000c3000000, 0x00000000c5880000, 0x00000000eba80000)
  object space 41472K, 20% used [0x00000000c3000000,0x00000000c383d2c0,0x00000000c5880000)
 PSPermGen       total 21504K, used 13344K [0x00000000b8a00000, 0x00000000b9f00000, 0x00000000c3000000)
  object space 21504K, 62% used [0x00000000b8a00000,0x00000000b9708318,0x00000000b9f00000)
GC Heap History (10 events):
Event: 520.033 GC heap before
{Heap before GC invocations=12 (full 0):
 PSYoungGen      total 23040K, used 15904K [0x00000000eba80000, 0x00000000ed800000, 0x0000000100000000)
  eden space 15872K, 100% used [0x00000000eba80000,0x00000000eca00000,0x00000000eca00000)
  from space 7168K, 0% used [0x00000000eca00000,0x00000000eca08000,0x00000000ed100000)
  to   space 7168K, 0% used [0x00000000ed100000,0x00000000ed100000,0x00000000ed800000)
 ParOldGen       total 41472K, used 8428K [0x00000000c3000000, 0x00000000c5880000, 0x00000000eba80000)
  object space 41472K, 20% used [0x00000000c3000000,0x00000000c383b2c0,0x00000000c5880000)
 PSPermGen       total 21504K, used 13308K [0x00000000b8a00000, 0x00000000b9f00000, 0x00000000c3000000)
  object space 21504K, 61% used [0x00000000b8a00000,0x00000000b96ff3c8,0x00000000b9f00000)
Event: 520.034 GC heap after
Heap after GC invocations=12 (full 0):
 PSYoungGen      total 23040K, used 32K [0x00000000eba80000, 0x00000000ed800000, 0x0000000100000000)
  eden space 15872K, 0% used [0x00000000eba80000,0x00000000eba80000,0x00000000eca00000)
  from space 7168K, 0% used [0x00000000ed100000,0x00000000ed108000,0x00000000ed800000)
  to   space 7168K, 0% used [0x00000000eca00000,0x00000000eca00000,0x00000000ed100000)
 ParOldGen       total 41472K, used 8428K [0x00000000c3000000, 0x00000000c5880000, 0x00000000eba80000)
  object space 41472K, 20% used [0x00000000c3000000,0x00000000c383b2c0,0x00000000c5880000)
 PSPermGen       total 21504K, used 13308K [0x00000000b8a00000, 0x00000000b9f00000, 0x00000000c3000000)
  object space 21504K, 61% used [0x00000000b8a00000,0x00000000b96ff3c8,0x00000000b9f00000)
}
Event: 571.282 GC heap before
{Heap before GC invocations=13 (full 0):
 PSYoungGen      total 23040K, used 15904K [0x00000000eba80000, 0x00000000ed800000, 0x0000000100000000)
  eden space 15872K, 100% used [0x00000000eba80000,0x00000000eca00000,0x00000000eca00000)
  from space 7168K, 0% used [0x00000000ed100000,0x00000000ed108000,0x00000000ed800000)
  to   space 7168K, 0% used [0x00000000eca00000,0x00000000eca00000,0x00000000ed100000)
 ParOldGen       total 41472K, used 8428K [0x00000000c3000000, 0x00000000c5880000, 0x00000000eba80000)
  object space 41472K, 20% used [0x00000000c3000000,0x00000000c383b2c0,0x00000000c5880000)
 PSPermGen       total 21504K, used 13308K [0x00000000b8a00000, 0x00000000b9f00000, 0x00000000c3000000)
  object space 21504K, 61% used [0x00000000b8a00000,0x00000000b96ff3c8,0x00000000b9f00000)
Event: 571.284 GC heap after
Heap after GC invocations=13 (full 0):
 PSYoungGen      total 16384K, used 32K [0x00000000eba80000, 0x00000000ed700000, 0x0000000100000000)
  eden space 15872K, 0% used [0x00000000eba80000,0x00000000eba80000,0x00000000eca00000)
  from space 512K, 6% used [0x00000000eca00000,0x00000000eca08000,0x00000000eca80000)
  to   space 6656K, 0% used [0x00000000ed080000,0x00000000ed080000,0x00000000ed700000)
 ParOldGen       total 41472K, used 8436K [0x00000000c3000000, 0x00000000c5880000, 0x00000000eba80000)
  object space 41472K, 20% used [0x00000000c3000000,0x00000000c383d2c0,0x00000000c5880000)
 PSPermGen       total 21504K, used 13308K [0x00000000b8a00000, 0x00000000b9f00000, 0x00000000c3000000)
  object space 21504K, 61% used [0x00000000b8a00000,0x00000000b96ff3c8,0x00000000b9f00000)
}
Event: 622.581 GC heap before
{Heap before GC invocations=14 (full 0):
 PSYoungGen      total 16384K, used 15904K [0x00000000eba80000, 0x00000000ed700000, 0x0000000100000000)
  eden space 15872K, 100% used [0x00000000eba80000,0x00000000eca00000,0x00000000eca00000)
  from space 512K, 6% used [0x00000000eca00000,0x00000000eca08000,0x00000000eca80000)
  to   space 6656K, 0% used [0x00000000ed080000,0x00000000ed080000,0x00000000ed700000)
 ParOldGen       total 41472K, used 8436K [0x00000000c3000000, 0x00000000c5880000, 0x00000000eba80000)
  object space 41472K, 20% used [0x00000000c3000000,0x00000000c383d2c0,0x00000000c5880000)
 PSPermGen       total 21504K, used 13308K [0x00000000b8a00000, 0x00000000b9f00000, 0x00000000c3000000)
  object space 21504K, 61% used [0x00000000b8a00000,0x00000000b96ff3c8,0x00000000b9f00000)
Event: 622.583 GC heap after
Heap after GC invocations=14 (full 0):
 PSYoungGen      total 22528K, used 32K [0x00000000eba80000, 0x00000000ed700000, 0x0000000100000000)
  eden space 15872K, 0% used [0x00000000eba80000,0x00000000eba80000,0x00000000eca00000)
  from space 6656K, 0% used [0x00000000ed080000,0x00000000ed088000,0x00000000ed700000)
  to   space 6656K, 0% used [0x00000000eca00000,0x00000000eca00000,0x00000000ed080000)
 ParOldGen       total 41472K, used 8436K [0x00000000c3000000, 0x00000000c5880000, 0x00000000eba80000)
  object space 41472K, 20% used [0x00000000c3000000,0x00000000c383d2c0,0x00000000c5880000)
 PSPermGen       total 21504K, used 13308K [0x00000000b8a00000, 0x00000000b9f00000, 0x00000000c3000000)
  object space 21504K, 61% used [0x00000000b8a00000,0x00000000b96ff3c8,0x00000000b9f00000)
}
Event: 673.980 GC heap before
{Heap before GC invocations=15 (full 0):
 PSYoungGen      total 22528K, used 15904K [0x00000000eba80000, 0x00000000ed700000, 0x0000000100000000)
  eden space 15872K, 100% used [0x00000000eba80000,0x00000000eca00000,0x00000000eca00000)
  from space 6656K, 0% used [0x00000000ed080000,0x00000000ed088000,0x00000000ed700000)
  to   space 6656K, 0% used [0x00000000eca00000,0x00000000eca00000,0x00000000ed080000)
 ParOldGen       total 41472K, used 8436K [0x00000000c3000000, 0x00000000c5880000, 0x00000000eba80000)
  object space 41472K, 20% used [0x00000000c3000000,0x00000000c383d2c0,0x00000000c5880000)
 PSPermGen       total 21504K, used 13308K [0x00000000b8a00000, 0x00000000b9f00000, 0x00000000c3000000)
  object space 21504K, 61% used [0x00000000b8a00000,0x00000000b96ff3c8,0x00000000b9f00000)
Event: 673.982 GC heap after
Heap after GC invocations=15 (full 0):
 PSYoungGen      total 16384K, used 32K [0x00000000eba80000, 0x00000000ed600000, 0x0000000100000000)
  eden space 15872K, 0% used [0x00000000eba80000,0x00000000eba80000,0x00000000eca00000)
  from space 512K, 6% used [0x00000000eca00000,0x00000000eca08000,0x00000000eca80000)
  to   space 6144K, 0% used [0x00000000ed000000,0x00000000ed000000,0x00000000ed600000)
 ParOldGen       total 41472K, used 8436K [0x00000000c3000000, 0x00000000c5880000, 0x00000000eba80000)
  object space 41472K, 20% used [0x00000000c3000000,0x00000000c383d2c0,0x00000000c5880000)
 PSPermGen       total 21504K, used 13308K [0x00000000b8a00000, 0x00000000b9f00000, 0x00000000c3000000)
  object space 21504K, 61% used [0x00000000b8a00000,0x00000000b96ff3c8,0x00000000b9f00000)
}
Event: 723.930 GC heap before
{Heap before GC invocations=16 (full 0):
 PSYoungGen      total 16384K, used 15904K [0x00000000eba80000, 0x00000000ed600000, 0x0000000100000000)
  eden space 15872K, 100% used [0x00000000eba80000,0x00000000eca00000,0x00000000eca00000)
  from space 512K, 6% used [0x00000000eca00000,0x00000000eca08000,0x00000000eca80000)
  to   space 6144K, 0% used [0x00000000ed000000,0x00000000ed000000,0x00000000ed600000)
 ParOldGen       total 41472K, used 8436K [0x00000000c3000000, 0x00000000c5880000, 0x00000000eba80000)
  object space 41472K, 20% used [0x00000000c3000000,0x00000000c383d2c0,0x00000000c5880000)
 PSPermGen       total 21504K, used 13310K [0x00000000b8a00000, 0x00000000b9f00000, 0x00000000c3000000)
  object space 21504K, 61% used [0x00000000b8a00000,0x00000000b96ffaa8,0x00000000b9f00000)
Event: 723.931 GC heap after
Heap after GC invocations=16 (full 0):
 PSYoungGen      total 22016K, used 96K [0x00000000eba80000, 0x00000000ed600000, 0x0000000100000000)
  eden space 15872K, 0% used [0x00000000eba80000,0x00000000eba80000,0x00000000eca00000)
  from space 6144K, 1% used [0x00000000ed000000,0x00000000ed018000,0x00000000ed600000)
  to   space 6144K, 0% used [0x00000000eca00000,0x00000000eca00000,0x00000000ed000000)
 ParOldGen       total 41472K, used 8436K [0x00000000c3000000, 0x00000000c5880000, 0x00000000eba80000)
  object space 41472K, 20% used [0x00000000c3000000,0x00000000c383d2c0,0x00000000c5880000)
 PSPermGen       total 21504K, used 13310K [0x00000000b8a00000, 0x00000000b9f00000, 0x00000000c3000000)
  object space 21504K, 61% used [0x00000000b8a00000,0x00000000b96ffaa8,0x00000000b9f00000)
}

