# JRE version: OpenJDK Runtime Environment (7.0_55-b14) (build 1.7.0_55-b14)
# Java VM: OpenJDK 64-Bit Server VM (24.51-b03 mixed mode linux-amd64 compressed oops)
Heap
 PSYoungGen      total 23040K, used 15865K [0x00000000eba80000, 0x00000000ed800000, 0x0000000100000000)
  eden space 15872K, 99% used [0x00000000eba80000,0x00000000ec9ea6e0,0x00000000eca00000)
  from space 7168K, 1% used [0x00000000ed100000,0x00000000ed114010,0x00000000ed800000)
  to   space 7168K, 0% used [0x00000000eca00000,0x00000000eca00000,0x00000000ed100000)
 ParOldGen       total 41472K, used 8350K [0x00000000c3000000, 0x00000000c5880000, 0x00000000eba80000)
  object space 41472K, 20% used [0x00000000c3000000,0x00000000c3827a38,0x00000000c5880000)
 PSPermGen       total 21504K, used 13359K [0x00000000b8a00000, 0x00000000b9f00000, 0x00000000c3000000)
  object space 21504K, 62% used [0x00000000b8a00000,0x00000000b970bc10,0x00000000b9f00000)
GC Heap History (10 events):
Event: 314.785 GC heap before
{Heap before GC invocations=8 (full 0):
 PSYoungGen      total 22528K, used 16032K [0x00000000eba80000, 0x00000000ed800000, 0x0000000100000000)
  eden space 15872K, 100% used [0x00000000eba80000,0x00000000eca00000,0x00000000eca00000)
  from space 6656K, 2% used [0x00000000eca00000,0x00000000eca28000,0x00000000ed080000)
  to   space 7168K, 0% used [0x00000000ed100000,0x00000000ed100000,0x00000000ed800000)
 ParOldGen       total 41472K, used 8286K [0x00000000c3000000, 0x00000000c5880000, 0x00000000eba80000)
  object space 41472K, 19% used [0x00000000c3000000,0x00000000c3817a38,0x00000000c5880000)
 PSPermGen       total 21504K, used 13324K [0x00000000b8a00000, 0x00000000b9f00000, 0x00000000c3000000)
  object space 21504K, 61% used [0x00000000b8a00000,0x00000000b97033a0,0x00000000b9f00000)
Event: 314.786 GC heap after
Heap after GC invocations=8 (full 0):
 PSYoungGen      total 23040K, used 64K [0x00000000eba80000, 0x00000000ed800000, 0x0000000100000000)
  eden space 15872K, 0% used [0x00000000eba80000,0x00000000eba80000,0x00000000eca00000)
  from space 7168K, 0% used [0x00000000ed100000,0x00000000ed110000,0x00000000ed800000)
  to   space 7168K, 0% used [0x00000000eca00000,0x00000000eca00000,0x00000000ed100000)
 ParOldGen       total 41472K, used 8302K [0x00000000c3000000, 0x00000000c5880000, 0x00000000eba80000)
  object space 41472K, 20% used [0x00000000c3000000,0x00000000c381ba38,0x00000000c5880000)
 PSPermGen       total 21504K, used 13324K [0x00000000b8a00000, 0x00000000b9f00000, 0x00000000c3000000)
  object space 21504K, 61% used [0x00000000b8a00000,0x00000000b97033a0,0x00000000b9f00000)
}
Event: 366.032 GC heap before
{Heap before GC invocations=9 (full 0):
 PSYoungGen      total 23040K, used 15936K [0x00000000eba80000, 0x00000000ed800000, 0x0000000100000000)
  eden space 15872K, 100% used [0x00000000eba80000,0x00000000eca00000,0x00000000eca00000)
  from space 7168K, 0% used [0x00000000ed100000,0x00000000ed110000,0x00000000ed800000)
  to   space 7168K, 0% used [0x00000000eca00000,0x00000000eca00000,0x00000000ed100000)
 ParOldGen       total 41472K, used 8302K [0x00000000c3000000, 0x00000000c5880000, 0x00000000eba80000)
  object space 41472K, 20% used [0x00000000c3000000,0x00000000c381ba38,0x00000000c5880000)
 PSPermGen       total 21504K, used 13324K [0x00000000b8a00000, 0x00000000b9f00000, 0x00000000c3000000)
  object space 21504K, 61% used [0x00000000b8a00000,0x00000000b97033a0,0x00000000b9f00000)
Event: 366.033 GC heap after
Heap after GC invocations=9 (full 0):
 PSYoungGen      total 23040K, used 32K [0x00000000eba80000, 0x00000000ed800000, 0x0000000100000000)
  eden space 15872K, 0% used [0x00000000eba80000,0x00000000eba80000,0x00000000eca00000)
  from space 7168K, 0% used [0x00000000eca00000,0x00000000eca08000,0x00000000ed100000)
  to   space 7168K, 0% used [0x00000000ed100000,0x00000000ed100000,0x00000000ed800000)
 ParOldGen       total 41472K, used 8310K [0x00000000c3000000, 0x00000000c5880000, 0x00000000eba80000)
  object space 41472K, 20% used [0x00000000c3000000,0x00000000c381da38,0x00000000c5880000)
 PSPermGen       total 21504K, used 13324K [0x00000000b8a00000, 0x00000000b9f00000, 0x00000000c3000000)
  object space 21504K, 61% used [0x00000000b8a00000,0x00000000b97033a0,0x00000000b9f00000)
}
Event: 416.785 GC heap before
{Heap before GC invocations=10 (full 0):
 PSYoungGen      total 23040K, used 15904K [0x00000000eba80000, 0x00000000ed800000, 0x0000000100000000)
  eden space 15872K, 100% used [0x00000000eba80000,0x00000000eca00000,0x00000000eca00000)
  from space 7168K, 0% used [0x00000000eca00000,0x00000000eca08000,0x00000000ed100000)
  to   space 7168K, 0% used [0x00000000ed100000,0x00000000ed100000,0x00000000ed800000)
 ParOldGen       total 41472K, used 8310K [0x00000000c3000000, 0x00000000c5880000, 0x00000000eba80000)
  object space 41472K, 20% used [0x00000000c3000000,0x00000000c381da38,0x00000000c5880000)
 PSPermGen       total 21504K, used 13324K [0x00000000b8a00000, 0x00000000b9f00000, 0x00000000c3000000)
  object space 21504K, 61% used [0x00000000b8a00000,0x00000000b97033a0,0x00000000b9f00000)
Event: 416.786 GC heap after
Heap after GC invocations=10 (full 0):
 PSYoungGen      total 23040K, used 64K [0x00000000eba80000, 0x00000000ed800000, 0x0000000100000000)
  eden space 15872K, 0% used [0x00000000eba80000,0x00000000eba80000,0x00000000eca00000)
  from space 7168K, 0% used [0x00000000ed100000,0x00000000ed110000,0x00000000ed800000)
  to   space 7168K, 0% used [0x00000000eca00000,0x00000000eca00000,0x00000000ed100000)
 ParOldGen       total 41472K, used 8326K [0x00000000c3000000, 0x00000000c5880000, 0x00000000eba80000)
  object space 41472K, 20% used [0x00000000c3000000,0x00000000c3821a38,0x00000000c5880000)
 PSPermGen       total 21504K, used 13324K [0x00000000b8a00000, 0x00000000b9f00000, 0x00000000c3000000)
  object space 21504K, 61% used [0x00000000b8a00000,0x00000000b97033a0,0x00000000b9f00000)
}
Event: 467.885 GC heap before
{Heap before GC invocations=11 (full 0):
 PSYoungGen      total 23040K, used 15936K [0x00000000eba80000, 0x00000000ed800000, 0x0000000100000000)
  eden space 15872K, 100% used [0x00000000eba80000,0x00000000eca00000,0x00000000eca00000)
  from space 7168K, 0% used [0x00000000ed100000,0x00000000ed110000,0x00000000ed800000)
  to   space 7168K, 0% used [0x00000000eca00000,0x00000000eca00000,0x00000000ed100000)
 ParOldGen       total 41472K, used 8326K [0x00000000c3000000, 0x00000000c5880000, 0x00000000eba80000)
  object space 41472K, 20% used [0x00000000c3000000,0x00000000c3821a38,0x00000000c5880000)
 PSPermGen       total 21504K, used 13324K [0x00000000b8a00000, 0x00000000b9f00000, 0x00000000c3000000)
  object space 21504K, 61% used [0x00000000b8a00000,0x00000000b97033a0,0x00000000b9f00000)
Event: 467.886 GC heap after
Heap after GC invocations=11 (full 0):
 PSYoungGen      total 23040K, used 64K [0x00000000eba80000, 0x00000000ed800000, 0x0000000100000000)
  eden space 15872K, 0% used [0x00000000eba80000,0x00000000eba80000,0x00000000eca00000)
  from space 7168K, 0% used [0x00000000eca00000,0x00000000eca10000,0x00000000ed100000)
  to   space 7168K, 0% used [0x00000000ed100000,0x00000000ed100000,0x00000000ed800000)
 ParOldGen       total 41472K, used 8350K [0x00000000c3000000, 0x00000000c5880000, 0x00000000eba80000)
  object space 41472K, 20% used [0x00000000c3000000,0x00000000c3827a38,0x00000000c5880000)
 PSPermGen       total 21504K, used 13324K [0x00000000b8a00000, 0x00000000b9f00000, 0x00000000c3000000)
  object space 21504K, 61% used [0x00000000b8a00000,0x00000000b97033a0,0x00000000b9f00000)
}
Event: 518.512 GC heap before
{Heap before GC invocations=12 (full 0):
 PSYoungGen      total 23040K, used 15936K [0x00000000eba80000, 0x00000000ed800000, 0x0000000100000000)
  eden space 15872K, 100% used [0x00000000eba80000,0x00000000eca00000,0x00000000eca00000)
  from space 7168K, 0% used [0x00000000eca00000,0x00000000eca10000,0x00000000ed100000)
  to   space 7168K, 0% used [0x00000000ed100000,0x00000000ed100000,0x00000000ed800000)
 ParOldGen       total 41472K, used 8350K [0x00000000c3000000, 0x00000000c5880000, 0x00000000eba80000)
  object space 41472K, 20% used [0x00000000c3000000,0x00000000c3827a38,0x00000000c5880000)
 PSPermGen       total 21504K, used 13324K [0x00000000b8a00000, 0x00000000b9f00000, 0x00000000c3000000)
  object space 21504K, 61% used [0x00000000b8a00000,0x00000000b97033a0,0x00000000b9f00000)
Event: 518.513 GC heap after
Heap after GC invocations=12 (full 0):
 PSYoungGen      total 23040K, used 80K [0x00000000eba80000, 0x00000000ed800000, 0x0000000100000000)
  eden space 15872K, 0% used [0x00000000eba80000,0x00000000eba80000,0x00000000eca00000)
  from space 7168K, 1% used [0x00000000ed100000,0x00000000ed114010,0x00000000ed800000)
  to   space 7168K, 0% used [0x00000000eca00000,0x00000000eca00000,0x00000000ed100000)
 ParOldGen       total 41472K, used 8350K [0x00000000c3000000, 0x00000000c5880000, 0x00000000eba80000)
  object space 41472K, 20% used [0x00000000c3000000,0x00000000c3827a38,0x00000000c5880000)
 PSPermGen       total 21504K, used 13324K [0x00000000b8a00000, 0x00000000b9f00000, 0x00000000c3000000)
  object space 21504K, 61% used [0x00000000b8a00000,0x00000000b97033a0,0x00000000b9f00000)
}

