# JRE version: OpenJDK Runtime Environment (7.0_55-b14) (build 1.7.0_55-b14)
# Java VM: OpenJDK 64-Bit Server VM (24.51-b03 mixed mode linux-amd64 compressed oops)
Heap
 PSYoungGen      total 18432K, used 11586K [0x00000000eba80000, 0x00000000edc80000, 0x0000000100000000)
  eden space 15872K, 56% used [0x00000000eba80000,0x00000000ec3542e0,0x00000000eca00000)
  from space 2560K, 99% used [0x00000000eda00000,0x00000000edc7c910,0x00000000edc80000)
  to   space 2560K, 0% used [0x00000000eca00000,0x00000000eca00000,0x00000000ecc80000)
 ParOldGen       total 41472K, used 3583K [0x00000000c3000000, 0x00000000c5880000, 0x00000000eba80000)
  object space 41472K, 8% used [0x00000000c3000000,0x00000000c337fed8,0x00000000c5880000)
 PSPermGen       total 21504K, used 9926K [0x00000000b8a00000, 0x00000000b9f00000, 0x00000000c3000000)
  object space 21504K, 46% used [0x00000000b8a00000,0x00000000b93b1b90,0x00000000b9f00000)
GC Heap History (8 events):
Event: 1.636 GC heap before
{Heap before GC invocations=1 (full 0):
 PSYoungGen      total 18432K, used 15872K [0x00000000eba80000, 0x00000000ecf00000, 0x0000000100000000)
  eden space 15872K, 100% used [0x00000000eba80000,0x00000000eca00000,0x00000000eca00000)
  from space 2560K, 0% used [0x00000000ecc80000,0x00000000ecc80000,0x00000000ecf00000)
  to   space 2560K, 0% used [0x00000000eca00000,0x00000000eca00000,0x00000000ecc80000)
 ParOldGen       total 41472K, used 0K [0x00000000c3000000, 0x00000000c5880000, 0x00000000eba80000)
  object space 41472K, 0% used [0x00000000c3000000,0x00000000c3000000,0x00000000c5880000)
 PSPermGen       total 21504K, used 9290K [0x00000000b8a00000, 0x00000000b9f00000, 0x00000000c3000000)
  object space 21504K, 43% used [0x00000000b8a00000,0x00000000b9312930,0x00000000b9f00000)
Event: 1.653 GC heap after
Heap after GC invocations=1 (full 0):
 PSYoungGen      total 18432K, used 2530K [0x00000000eba80000, 0x00000000ede80000, 0x0000000100000000)
  eden space 15872K, 0% used [0x00000000eba80000,0x00000000eba80000,0x00000000eca00000)
  from space 2560K, 98% used [0x00000000eca00000,0x00000000ecc78900,0x00000000ecc80000)
  to   space 2560K, 0% used [0x00000000edc00000,0x00000000edc00000,0x00000000ede80000)
 ParOldGen       total 41472K, used 2175K [0x00000000c3000000, 0x00000000c5880000, 0x00000000eba80000)
  object space 41472K, 5% used [0x00000000c3000000,0x00000000c321fcb0,0x00000000c5880000)
 PSPermGen       total 21504K, used 9290K [0x00000000b8a00000, 0x00000000b9f00000, 0x00000000c3000000)
  object space 21504K, 43% used [0x00000000b8a00000,0x00000000b9312930,0x00000000b9f00000)
}
Event: 46.118 GC heap before
{Heap before GC invocations=2 (full 0):
 PSYoungGen      total 18432K, used 18402K [0x00000000eba80000, 0x00000000ede80000, 0x0000000100000000)
  eden space 15872K, 100% used [0x00000000eba80000,0x00000000eca00000,0x00000000eca00000)
  from space 2560K, 98% used [0x00000000eca00000,0x00000000ecc78900,0x00000000ecc80000)
  to   space 2560K, 0% used [0x00000000edc00000,0x00000000edc00000,0x00000000ede80000)
 ParOldGen       total 41472K, used 2175K [0x00000000c3000000, 0x00000000c5880000, 0x00000000eba80000)
  object space 41472K, 5% used [0x00000000c3000000,0x00000000c321fcb0,0x00000000c5880000)
 PSPermGen       total 21504K, used 9824K [0x00000000b8a00000, 0x00000000b9f00000, 0x00000000c3000000)
  object space 21504K, 45% used [0x00000000b8a00000,0x00000000b9398308,0x00000000b9f00000)
Event: 46.124 GC heap after
Heap after GC invocations=2 (full 0):
 PSYoungGen      total 18432K, used 2530K [0x00000000eba80000, 0x00000000ede80000, 0x0000000100000000)
  eden space 15872K, 0% used [0x00000000eba80000,0x00000000eba80000,0x00000000eca00000)
  from space 2560K, 98% used [0x00000000edc00000,0x00000000ede78900,0x00000000ede80000)
  to   space 2560K, 0% used [0x00000000eca00000,0x00000000eca00000,0x00000000ecc80000)
 ParOldGen       total 41472K, used 3535K [0x00000000c3000000, 0x00000000c5880000, 0x00000000eba80000)
  object space 41472K, 8% used [0x00000000c3000000,0x00000000c3373ed8,0x00000000c5880000)
 PSPermGen       total 21504K, used 9824K [0x00000000b8a00000, 0x00000000b9f00000, 0x00000000c3000000)
  object space 21504K, 45% used [0x00000000b8a00000,0x00000000b9398308,0x00000000b9f00000)
}
Event: 105.828 GC heap before
{Heap before GC invocations=3 (full 0):
 PSYoungGen      total 18432K, used 18402K [0x00000000eba80000, 0x00000000ede80000, 0x0000000100000000)
  eden space 15872K, 100% used [0x00000000eba80000,0x00000000eca00000,0x00000000eca00000)
  from space 2560K, 98% used [0x00000000edc00000,0x00000000ede78900,0x00000000ede80000)
  to   space 2560K, 0% used [0x00000000eca00000,0x00000000eca00000,0x00000000ecc80000)
 ParOldGen       total 41472K, used 3535K [0x00000000c3000000, 0x00000000c5880000, 0x00000000eba80000)
  object space 41472K, 8% used [0x00000000c3000000,0x00000000c3373ed8,0x00000000c5880000)
 PSPermGen       total 21504K, used 9861K [0x00000000b8a00000, 0x00000000b9f00000, 0x00000000c3000000)
  object space 21504K, 45% used [0x00000000b8a00000,0x00000000b93a1560,0x00000000b9f00000)
Event: 105.833 GC heap after
Heap after GC invocations=3 (full 0):
 PSYoungGen      total 18432K, used 2530K [0x00000000eba80000, 0x00000000edc80000, 0x0000000100000000)
  eden space 15872K, 0% used [0x00000000eba80000,0x00000000eba80000,0x00000000eca00000)
  from space 2560K, 98% used [0x00000000eca00000,0x00000000ecc78920,0x00000000ecc80000)
  to   space 2560K, 0% used [0x00000000eda00000,0x00000000eda00000,0x00000000edc80000)
 ParOldGen       total 41472K, used 3559K [0x00000000c3000000, 0x00000000c5880000, 0x00000000eba80000)
  object space 41472K, 8% used [0x00000000c3000000,0x00000000c3379ed8,0x00000000c5880000)
 PSPermGen       total 21504K, used 9861K [0x00000000b8a00000, 0x00000000b9f00000, 0x00000000c3000000)
  object space 21504K, 45% used [0x00000000b8a00000,0x00000000b93a1560,0x00000000b9f00000)
}
Event: 165.828 GC heap before
{Heap before GC invocations=4 (full 0):
 PSYoungGen      total 18432K, used 18402K [0x00000000eba80000, 0x00000000edc80000, 0x0000000100000000)
  eden space 15872K, 100% used [0x00000000eba80000,0x00000000eca00000,0x00000000eca00000)
  from space 2560K, 98% used [0x00000000eca00000,0x00000000ecc78920,0x00000000ecc80000)
  to   space 2560K, 0% used [0x00000000eda00000,0x00000000eda00000,0x00000000edc80000)
 ParOldGen       total 41472K, used 3559K [0x00000000c3000000, 0x00000000c5880000, 0x00000000eba80000)
  object space 41472K, 8% used [0x00000000c3000000,0x00000000c3379ed8,0x00000000c5880000)
 PSPermGen       total 21504K, used 9862K [0x00000000b8a00000, 0x00000000b9f00000, 0x00000000c3000000)
  object space 21504K, 45% used [0x00000000b8a00000,0x00000000b93a19a8,0x00000000b9f00000)
Event: 165.836 GC heap after
Heap after GC invocations=4 (full 0):
 PSYoungGen      total 18432K, used 2546K [0x00000000eba80000, 0x00000000edc80000, 0x0000000100000000)
  eden space 15872K, 0% used [0x00000000eba80000,0x00000000eba80000,0x00000000eca00000)
  from space 2560K, 99% used [0x00000000eda00000,0x00000000edc7c910,0x00000000edc80000)
  to   space 2560K, 0% used [0x00000000eca00000,0x00000000eca00000,0x00000000ecc80000)
 ParOldGen       total 41472K, used 3583K [0x00000000c3000000, 0x00000000c5880000, 0x00000000eba80000)
  object space 41472K, 8% used [0x00000000c3000000,0x00000000c337fed8,0x00000000c5880000)
 PSPermGen       total 21504K, used 9862K [0x00000000b8a00000, 0x00000000b9f00000, 0x00000000c3000000)
  object space 21504K, 45% used [0x00000000b8a00000,0x00000000b93a19a8,0x00000000b9f00000)
}

