# JRE version: OpenJDK Runtime Environment (7.0_55-b14) (build 1.7.0_55-b14)
# Java VM: OpenJDK 64-Bit Server VM (24.51-b03 mixed mode linux-amd64 compressed oops)
Heap
 PSYoungGen      total 22528K, used 2734K [0x00000000eba80000, 0x00000000ed700000, 0x0000000100000000)
  eden space 15872K, 16% used [0x00000000eba80000,0x00000000ebcfbb98,0x00000000eca00000)
  from space 6656K, 2% used [0x00000000eca00000,0x00000000eca30000,0x00000000ed080000)
  to   space 6656K, 0% used [0x00000000ed080000,0x00000000ed080000,0x00000000ed700000)
 ParOldGen       total 41472K, used 7593K [0x00000000c3000000, 0x00000000c5880000, 0x00000000eba80000)
  object space 41472K, 18% used [0x00000000c3000000,0x00000000c376a570,0x00000000c5880000)
 PSPermGen       total 21504K, used 12563K [0x00000000b8a00000, 0x00000000b9f00000, 0x00000000c3000000)
  object space 21504K, 58% used [0x00000000b8a00000,0x00000000b9644f48,0x00000000b9f00000)
GC Heap History (10 events):
Event: 183.710 GC heap before
{Heap before GC invocations=7 (full 0):
 PSYoungGen      total 22016K, used 18485K [0x00000000eba80000, 0x00000000ed600000, 0x0000000100000000)
  eden space 15872K, 100% used [0x00000000eba80000,0x00000000eca00000,0x00000000eca00000)
  from space 6144K, 42% used [0x00000000ed000000,0x00000000ed28d7f0,0x00000000ed600000)
  to   space 6144K, 0% used [0x00000000eca00000,0x00000000eca00000,0x00000000ed000000)
 ParOldGen       total 41472K, used 5043K [0x00000000c3000000, 0x00000000c5880000, 0x00000000eba80000)
  object space 41472K, 12% used [0x00000000c3000000,0x00000000c34eccc0,0x00000000c5880000)
 PSPermGen       total 21504K, used 12338K [0x00000000b8a00000, 0x00000000b9f00000, 0x00000000c3000000)
  object space 21504K, 57% used [0x00000000b8a00000,0x00000000b960c990,0x00000000b9f00000)
Event: 183.720 GC heap after
Heap after GC invocations=7 (full 0):
 PSYoungGen      total 22016K, used 96K [0x00000000eba80000, 0x00000000ed700000, 0x0000000100000000)
  eden space 15872K, 0% used [0x00000000eba80000,0x00000000eba80000,0x00000000eca00000)
  from space 6144K, 1% used [0x00000000eca00000,0x00000000eca18000,0x00000000ed000000)
  to   space 6656K, 0% used [0x00000000ed080000,0x00000000ed080000,0x00000000ed700000)
 ParOldGen       total 41472K, used 7545K [0x00000000c3000000, 0x00000000c5880000, 0x00000000eba80000)
  object space 41472K, 18% used [0x00000000c3000000,0x00000000c375e570,0x00000000c5880000)
 PSPermGen       total 21504K, used 12338K [0x00000000b8a00000, 0x00000000b9f00000, 0x00000000c3000000)
  object space 21504K, 57% used [0x00000000b8a00000,0x00000000b960c990,0x00000000b9f00000)
}
Event: 216.709 GC heap before
{Heap before GC invocations=8 (full 0):
 PSYoungGen      total 22016K, used 15968K [0x00000000eba80000, 0x00000000ed700000, 0x0000000100000000)
  eden space 15872K, 100% used [0x00000000eba80000,0x00000000eca00000,0x00000000eca00000)
  from space 6144K, 1% used [0x00000000eca00000,0x00000000eca18000,0x00000000ed000000)
  to   space 6656K, 0% used [0x00000000ed080000,0x00000000ed080000,0x00000000ed700000)
 ParOldGen       total 41472K, used 7545K [0x00000000c3000000, 0x00000000c5880000, 0x00000000eba80000)
  object space 41472K, 18% used [0x00000000c3000000,0x00000000c375e570,0x00000000c5880000)
 PSPermGen       total 21504K, used 12338K [0x00000000b8a00000, 0x00000000b9f00000, 0x00000000c3000000)
  object space 21504K, 57% used [0x00000000b8a00000,0x00000000b960cb40,0x00000000b9f00000)
Event: 216.710 GC heap after
Heap after GC invocations=8 (full 0):
 PSYoungGen      total 22528K, used 32K [0x00000000eba80000, 0x00000000ed700000, 0x0000000100000000)
  eden space 15872K, 0% used [0x00000000eba80000,0x00000000eba80000,0x00000000eca00000)
  from space 6656K, 0% used [0x00000000ed080000,0x00000000ed088000,0x00000000ed700000)
  to   space 6656K, 0% used [0x00000000eca00000,0x00000000eca00000,0x00000000ed080000)
 ParOldGen       total 41472K, used 7553K [0x00000000c3000000, 0x00000000c5880000, 0x00000000eba80000)
  object space 41472K, 18% used [0x00000000c3000000,0x00000000c3760570,0x00000000c5880000)
 PSPermGen       total 21504K, used 12338K [0x00000000b8a00000, 0x00000000b9f00000, 0x00000000c3000000)
  object space 21504K, 57% used [0x00000000b8a00000,0x00000000b960cb40,0x00000000b9f00000)
}
Event: 249.906 GC heap before
{Heap before GC invocations=9 (full 0):
 PSYoungGen      total 22528K, used 15904K [0x00000000eba80000, 0x00000000ed700000, 0x0000000100000000)
  eden space 15872K, 100% used [0x00000000eba80000,0x00000000eca00000,0x00000000eca00000)
  from space 6656K, 0% used [0x00000000ed080000,0x00000000ed088000,0x00000000ed700000)
  to   space 6656K, 0% used [0x00000000eca00000,0x00000000eca00000,0x00000000ed080000)
 ParOldGen       total 41472K, used 7553K [0x00000000c3000000, 0x00000000c5880000, 0x00000000eba80000)
  object space 41472K, 18% used [0x00000000c3000000,0x00000000c3760570,0x00000000c5880000)
 PSPermGen       total 21504K, used 12338K [0x00000000b8a00000, 0x00000000b9f00000, 0x00000000c3000000)
  object space 21504K, 57% used [0x00000000b8a00000,0x00000000b960cb40,0x00000000b9f00000)
Event: 249.907 GC heap after
Heap after GC invocations=9 (full 0):
 PSYoungGen      total 22528K, used 32K [0x00000000eba80000, 0x00000000ed700000, 0x0000000100000000)
  eden space 15872K, 0% used [0x00000000eba80000,0x00000000eba80000,0x00000000eca00000)
  from space 6656K, 0% used [0x00000000eca00000,0x00000000eca08000,0x00000000ed080000)
  to   space 6656K, 0% used [0x00000000ed080000,0x00000000ed080000,0x00000000ed700000)
 ParOldGen       total 41472K, used 7561K [0x00000000c3000000, 0x00000000c5880000, 0x00000000eba80000)
  object space 41472K, 18% used [0x00000000c3000000,0x00000000c3762570,0x00000000c5880000)
 PSPermGen       total 21504K, used 12338K [0x00000000b8a00000, 0x00000000b9f00000, 0x00000000c3000000)
  object space 21504K, 57% used [0x00000000b8a00000,0x00000000b960cb40,0x00000000b9f00000)
}
Event: 283.922 GC heap before
{Heap before GC invocations=10 (full 0):
 PSYoungGen      total 22528K, used 15904K [0x00000000eba80000, 0x00000000ed700000, 0x0000000100000000)
  eden space 15872K, 100% used [0x00000000eba80000,0x00000000eca00000,0x00000000eca00000)
  from space 6656K, 0% used [0x00000000eca00000,0x00000000eca08000,0x00000000ed080000)
  to   space 6656K, 0% used [0x00000000ed080000,0x00000000ed080000,0x00000000ed700000)
 ParOldGen       total 41472K, used 7561K [0x00000000c3000000, 0x00000000c5880000, 0x00000000eba80000)
  object space 41472K, 18% used [0x00000000c3000000,0x00000000c3762570,0x00000000c5880000)
 PSPermGen       total 21504K, used 12342K [0x00000000b8a00000, 0x00000000b9f00000, 0x00000000c3000000)
  object space 21504K, 57% used [0x00000000b8a00000,0x00000000b960d938,0x00000000b9f00000)
Event: 283.923 GC heap after
Heap after GC invocations=10 (full 0):
 PSYoungGen      total 22528K, used 96K [0x00000000eba80000, 0x00000000ed700000, 0x0000000100000000)
  eden space 15872K, 0% used [0x00000000eba80000,0x00000000eba80000,0x00000000eca00000)
  from space 6656K, 1% used [0x00000000ed080000,0x00000000ed098000,0x00000000ed700000)
  to   space 6656K, 0% used [0x00000000eca00000,0x00000000eca00000,0x00000000ed080000)
 ParOldGen       total 41472K, used 7569K [0x00000000c3000000, 0x00000000c5880000, 0x00000000eba80000)
  object space 41472K, 18% used [0x00000000c3000000,0x00000000c3764570,0x00000000c5880000)
 PSPermGen       total 21504K, used 12342K [0x00000000b8a00000, 0x00000000b9f00000, 0x00000000c3000000)
  object space 21504K, 57% used [0x00000000b8a00000,0x00000000b960d938,0x00000000b9f00000)
}
Event: 316.994 GC heap before
{Heap before GC invocations=11 (full 0):
 PSYoungGen      total 22528K, used 15968K [0x00000000eba80000, 0x00000000ed700000, 0x0000000100000000)
  eden space 15872K, 100% used [0x00000000eba80000,0x00000000eca00000,0x00000000eca00000)
  from space 6656K, 1% used [0x00000000ed080000,0x00000000ed098000,0x00000000ed700000)
  to   space 6656K, 0% used [0x00000000eca00000,0x00000000eca00000,0x00000000ed080000)
 ParOldGen       total 41472K, used 7569K [0x00000000c3000000, 0x00000000c5880000, 0x00000000eba80000)
  object space 41472K, 18% used [0x00000000c3000000,0x00000000c3764570,0x00000000c5880000)
 PSPermGen       total 21504K, used 12522K [0x00000000b8a00000, 0x00000000b9f00000, 0x00000000c3000000)
  object space 21504K, 58% used [0x00000000b8a00000,0x00000000b963a9a0,0x00000000b9f00000)
Event: 316.996 GC heap after
Heap after GC invocations=11 (full 0):
 PSYoungGen      total 22528K, used 192K [0x00000000eba80000, 0x00000000ed700000, 0x0000000100000000)
  eden space 15872K, 0% used [0x00000000eba80000,0x00000000eba80000,0x00000000eca00000)
  from space 6656K, 2% used [0x00000000eca00000,0x00000000eca30000,0x00000000ed080000)
  to   space 6656K, 0% used [0x00000000ed080000,0x00000000ed080000,0x00000000ed700000)
 ParOldGen       total 41472K, used 7593K [0x00000000c3000000, 0x00000000c5880000, 0x00000000eba80000)
  object space 41472K, 18% used [0x00000000c3000000,0x00000000c376a570,0x00000000c5880000)
 PSPermGen       total 21504K, used 12522K [0x00000000b8a00000, 0x00000000b9f00000, 0x00000000c3000000)
  object space 21504K, 58% used [0x00000000b8a00000,0x00000000b963a9a0,0x00000000b9f00000)
}

