# JRE version: OpenJDK Runtime Environment (7.0_55-b14) (build 1.7.0_55-b14)
# Java VM: OpenJDK 64-Bit Server VM (24.51-b03 mixed mode linux-amd64 compressed oops)
Heap
 PSYoungGen      total 17408K, used 5255K [0x00000000eba80000, 0x00000000ece00000, 0x0000000100000000)
  eden space 15872K, 23% used [0x00000000eba80000,0x00000000ebe29ab0,0x00000000eca00000)
  from space 1536K, 97% used [0x00000000eca00000,0x00000000ecb781e0,0x00000000ecb80000)
  to   space 2048K, 0% used [0x00000000ecc00000,0x00000000ecc00000,0x00000000ece00000)
 ParOldGen       total 41472K, used 11048K [0x00000000c3000000, 0x00000000c5880000, 0x00000000eba80000)
  object space 41472K, 26% used [0x00000000c3000000,0x00000000c3aca310,0x00000000c5880000)
 PSPermGen       total 21504K, used 13490K [0x00000000b8a00000, 0x00000000b9f00000, 0x00000000c3000000)
  object space 21504K, 62% used [0x00000000b8a00000,0x00000000b972c880,0x00000000b9f00000)
GC Heap History (10 events):
Event: 1977.125 GC heap before
{Heap before GC invocations=41 (full 0):
 PSYoungGen      total 17408K, used 15968K [0x00000000eba80000, 0x00000000ecd00000, 0x0000000100000000)
  eden space 15872K, 100% used [0x00000000eba80000,0x00000000eca00000,0x00000000eca00000)
  from space 1536K, 6% used [0x00000000ecb80000,0x00000000ecb98000,0x00000000ecd00000)
  to   space 1536K, 0% used [0x00000000eca00000,0x00000000eca00000,0x00000000ecb80000)
 ParOldGen       total 41472K, used 10712K [0x00000000c3000000, 0x00000000c5880000, 0x00000000eba80000)
  object space 41472K, 25% used [0x00000000c3000000,0x00000000c3a76190,0x00000000c5880000)
 PSPermGen       total 21504K, used 13414K [0x00000000b8a00000, 0x00000000b9f00000, 0x00000000c3000000)
  object space 21504K, 62% used [0x00000000b8a00000,0x00000000b9719840,0x00000000b9f00000)
Event: 1977.126 GC heap after
Heap after GC invocations=41 (full 0):
 PSYoungGen      total 17408K, used 64K [0x00000000eba80000, 0x00000000ecd00000, 0x0000000100000000)
  eden space 15872K, 0% used [0x00000000eba80000,0x00000000eba80000,0x00000000eca00000)
  from space 1536K, 4% used [0x00000000eca00000,0x00000000eca10000,0x00000000ecb80000)
  to   space 1536K, 0% used [0x00000000ecb80000,0x00000000ecb80000,0x00000000ecd00000)
 ParOldGen       total 41472K, used 10728K [0x00000000c3000000, 0x00000000c5880000, 0x00000000eba80000)
  object space 41472K, 25% used [0x00000000c3000000,0x00000000c3a7a190,0x00000000c5880000)
 PSPermGen       total 21504K, used 13414K [0x00000000b8a00000, 0x00000000b9f00000, 0x00000000c3000000)
  object space 21504K, 62% used [0x00000000b8a00000,0x00000000b9719840,0x00000000b9f00000)
}
Event: 2028.133 GC heap before
{Heap before GC invocations=42 (full 0):
 PSYoungGen      total 17408K, used 15936K [0x00000000eba80000, 0x00000000ecd00000, 0x0000000100000000)
  eden space 15872K, 100% used [0x00000000eba80000,0x00000000eca00000,0x00000000eca00000)
  from space 1536K, 4% used [0x00000000eca00000,0x00000000eca10000,0x00000000ecb80000)
  to   space 1536K, 0% used [0x00000000ecb80000,0x00000000ecb80000,0x00000000ecd00000)
 ParOldGen       total 41472K, used 10728K [0x00000000c3000000, 0x00000000c5880000, 0x00000000eba80000)
  object space 41472K, 25% used [0x00000000c3000000,0x00000000c3a7a190,0x00000000c5880000)
 PSPermGen       total 21504K, used 13414K [0x00000000b8a00000, 0x00000000b9f00000, 0x00000000c3000000)
  object space 21504K, 62% used [0x00000000b8a00000,0x00000000b9719840,0x00000000b9f00000)
Event: 2028.135 GC heap after
Heap after GC invocations=42 (full 0):
 PSYoungGen      total 17408K, used 128K [0x00000000eba80000, 0x00000000ecd00000, 0x0000000100000000)
  eden space 15872K, 0% used [0x00000000eba80000,0x00000000eba80000,0x00000000eca00000)
  from space 1536K, 8% used [0x00000000ecb80000,0x00000000ecba0000,0x00000000ecd00000)
  to   space 1536K, 0% used [0x00000000eca00000,0x00000000eca00000,0x00000000ecb80000)
 ParOldGen       total 41472K, used 10728K [0x00000000c3000000, 0x00000000c5880000, 0x00000000eba80000)
  object space 41472K, 25% used [0x00000000c3000000,0x00000000c3a7a190,0x00000000c5880000)
 PSPermGen       total 21504K, used 13414K [0x00000000b8a00000, 0x00000000b9f00000, 0x00000000c3000000)
  object space 21504K, 62% used [0x00000000b8a00000,0x00000000b9719840,0x00000000b9f00000)
}
Event: 2078.633 GC heap before
{Heap before GC invocations=43 (full 0):
 PSYoungGen      total 17408K, used 16000K [0x00000000eba80000, 0x00000000ecd00000, 0x0000000100000000)
  eden space 15872K, 100% used [0x00000000eba80000,0x00000000eca00000,0x00000000eca00000)
  from space 1536K, 8% used [0x00000000ecb80000,0x00000000ecba0000,0x00000000ecd00000)
  to   space 1536K, 0% used [0x00000000eca00000,0x00000000eca00000,0x00000000ecb80000)
 ParOldGen       total 41472K, used 10728K [0x00000000c3000000, 0x00000000c5880000, 0x00000000eba80000)
  object space 41472K, 25% used [0x00000000c3000000,0x00000000c3a7a190,0x00000000c5880000)
 PSPermGen       total 21504K, used 13414K [0x00000000b8a00000, 0x00000000b9f00000, 0x00000000c3000000)
  object space 21504K, 62% used [0x00000000b8a00000,0x00000000b9719840,0x00000000b9f00000)
Event: 2078.635 GC heap after
Heap after GC invocations=43 (full 0):
 PSYoungGen      total 17408K, used 112K [0x00000000eba80000, 0x00000000ecd00000, 0x0000000100000000)
  eden space 15872K, 0% used [0x00000000eba80000,0x00000000eba80000,0x00000000eca00000)
  from space 1536K, 7% used [0x00000000eca00000,0x00000000eca1c010,0x00000000ecb80000)
  to   space 1536K, 0% used [0x00000000ecb80000,0x00000000ecb80000,0x00000000ecd00000)
 ParOldGen       total 41472K, used 10736K [0x00000000c3000000, 0x00000000c5880000, 0x00000000eba80000)
  object space 41472K, 25% used [0x00000000c3000000,0x00000000c3a7c190,0x00000000c5880000)
 PSPermGen       total 21504K, used 13414K [0x00000000b8a00000, 0x00000000b9f00000, 0x00000000c3000000)
  object space 21504K, 62% used [0x00000000b8a00000,0x00000000b9719840,0x00000000b9f00000)
}
Event: 2128.739 GC heap before
{Heap before GC invocations=44 (full 0):
 PSYoungGen      total 17408K, used 15984K [0x00000000eba80000, 0x00000000ecd00000, 0x0000000100000000)
  eden space 15872K, 100% used [0x00000000eba80000,0x00000000eca00000,0x00000000eca00000)
  from space 1536K, 7% used [0x00000000eca00000,0x00000000eca1c010,0x00000000ecb80000)
  to   space 1536K, 0% used [0x00000000ecb80000,0x00000000ecb80000,0x00000000ecd00000)
 ParOldGen       total 41472K, used 10736K [0x00000000c3000000, 0x00000000c5880000, 0x00000000eba80000)
  object space 41472K, 25% used [0x00000000c3000000,0x00000000c3a7c190,0x00000000c5880000)
 PSPermGen       total 21504K, used 13414K [0x00000000b8a00000, 0x00000000b9f00000, 0x00000000c3000000)
  object space 21504K, 62% used [0x00000000b8a00000,0x00000000b9719840,0x00000000b9f00000)
Event: 2128.740 GC heap after
Heap after GC invocations=44 (full 0):
 PSYoungGen      total 17408K, used 320K [0x00000000eba80000, 0x00000000ecd00000, 0x0000000100000000)
  eden space 15872K, 0% used [0x00000000eba80000,0x00000000eba80000,0x00000000eca00000)
  from space 1536K, 20% used [0x00000000ecb80000,0x00000000ecbd0040,0x00000000ecd00000)
  to   space 1536K, 0% used [0x00000000eca00000,0x00000000eca00000,0x00000000ecb80000)
 ParOldGen       total 41472K, used 10752K [0x00000000c3000000, 0x00000000c5880000, 0x00000000eba80000)
  object space 41472K, 25% used [0x00000000c3000000,0x00000000c3a80190,0x00000000c5880000)
 PSPermGen       total 21504K, used 13414K [0x00000000b8a00000, 0x00000000b9f00000, 0x00000000c3000000)
  object space 21504K, 62% used [0x00000000b8a00000,0x00000000b9719840,0x00000000b9f00000)
}
Event: 2194.772 GC heap before
{Heap before GC invocations=45 (full 0):
 PSYoungGen      total 17408K, used 16192K [0x00000000eba80000, 0x00000000ecd00000, 0x0000000100000000)
  eden space 15872K, 100% used [0x00000000eba80000,0x00000000eca00000,0x00000000eca00000)
  from space 1536K, 20% used [0x00000000ecb80000,0x00000000ecbd0040,0x00000000ecd00000)
  to   space 1536K, 0% used [0x00000000eca00000,0x00000000eca00000,0x00000000ecb80000)
 ParOldGen       total 41472K, used 10752K [0x00000000c3000000, 0x00000000c5880000, 0x00000000eba80000)
  object space 41472K, 25% used [0x00000000c3000000,0x00000000c3a80190,0x00000000c5880000)
 PSPermGen       total 21504K, used 13454K [0x00000000b8a00000, 0x00000000b9f00000, 0x00000000c3000000)
  object space 21504K, 62% used [0x00000000b8a00000,0x00000000b9723af0,0x00000000b9f00000)
Event: 2194.775 GC heap after
Heap after GC invocations=45 (full 0):
 PSYoungGen      total 17408K, used 1504K [0x00000000eba80000, 0x00000000ece00000, 0x0000000100000000)
  eden space 15872K, 0% used [0x00000000eba80000,0x00000000eba80000,0x00000000eca00000)
  from space 1536K, 97% used [0x00000000eca00000,0x00000000ecb781e0,0x00000000ecb80000)
  to   space 2048K, 0% used [0x00000000ecc00000,0x00000000ecc00000,0x00000000ece00000)
 ParOldGen       total 41472K, used 11048K [0x00000000c3000000, 0x00000000c5880000, 0x00000000eba80000)
  object space 41472K, 26% used [0x00000000c3000000,0x00000000c3aca310,0x00000000c5880000)
 PSPermGen       total 21504K, used 13454K [0x00000000b8a00000, 0x00000000b9f00000, 0x00000000c3000000)
  object space 21504K, 62% used [0x00000000b8a00000,0x00000000b9723af0,0x00000000b9f00000)
}

