# JRE version: OpenJDK Runtime Environment (7.0_55-b14) (build 1.7.0_55-b14)
# Java VM: OpenJDK 64-Bit Server VM (24.51-b03 mixed mode linux-amd64 compressed oops)
Heap
 PSYoungGen      total 16384K, used 5761K [0x00000000eba80000, 0x00000000ed300000, 0x0000000100000000)
  eden space 15872K, 35% used [0x00000000eba80000,0x00000000ec0084c0,0x00000000eca00000)
  from space 512K, 18% used [0x00000000eca00000,0x00000000eca18000,0x00000000eca80000)
  to   space 4608K, 0% used [0x00000000ece80000,0x00000000ece80000,0x00000000ed300000)
 ParOldGen       total 41472K, used 8415K [0x00000000c3000000, 0x00000000c5880000, 0x00000000eba80000)
  object space 41472K, 20% used [0x00000000c3000000,0x00000000c3837e70,0x00000000c5880000)
 PSPermGen       total 21504K, used 13364K [0x00000000b8a00000, 0x00000000b9f00000, 0x00000000c3000000)
  object space 21504K, 62% used [0x00000000b8a00000,0x00000000b970d190,0x00000000b9f00000)
GC Heap History (10 events):
Event: 800.456 GC heap before
{Heap before GC invocations=17 (full 0):
 PSYoungGen      total 22016K, used 15904K [0x00000000eba80000, 0x00000000ed600000, 0x0000000100000000)
  eden space 15872K, 100% used [0x00000000eba80000,0x00000000eca00000,0x00000000eca00000)
  from space 6144K, 0% used [0x00000000ed000000,0x00000000ed008000,0x00000000ed600000)
  to   space 6144K, 0% used [0x00000000eca00000,0x00000000eca00000,0x00000000ed000000)
 ParOldGen       total 41472K, used 8367K [0x00000000c3000000, 0x00000000c5880000, 0x00000000eba80000)
  object space 41472K, 20% used [0x00000000c3000000,0x00000000c382be70,0x00000000c5880000)
 PSPermGen       total 21504K, used 13324K [0x00000000b8a00000, 0x00000000b9f00000, 0x00000000c3000000)
  object space 21504K, 61% used [0x00000000b8a00000,0x00000000b97033c8,0x00000000b9f00000)
Event: 800.457 GC heap after
Heap after GC invocations=17 (full 0):
 PSYoungGen      total 16384K, used 128K [0x00000000eba80000, 0x00000000ed500000, 0x0000000100000000)
  eden space 15872K, 0% used [0x00000000eba80000,0x00000000eba80000,0x00000000eca00000)
  from space 512K, 25% used [0x00000000eca00000,0x00000000eca20000,0x00000000eca80000)
  to   space 5632K, 0% used [0x00000000ecf80000,0x00000000ecf80000,0x00000000ed500000)
 ParOldGen       total 41472K, used 8367K [0x00000000c3000000, 0x00000000c5880000, 0x00000000eba80000)
  object space 41472K, 20% used [0x00000000c3000000,0x00000000c382be70,0x00000000c5880000)
 PSPermGen       total 21504K, used 13324K [0x00000000b8a00000, 0x00000000b9f00000, 0x00000000c3000000)
  object space 21504K, 61% used [0x00000000b8a00000,0x00000000b97033c8,0x00000000b9f00000)
}
Event: 852.305 GC heap before
{Heap before GC invocations=18 (full 0):
 PSYoungGen      total 16384K, used 16000K [0x00000000eba80000, 0x00000000ed500000, 0x0000000100000000)
  eden space 15872K, 100% used [0x00000000eba80000,0x00000000eca00000,0x00000000eca00000)
  from space 512K, 25% used [0x00000000eca00000,0x00000000eca20000,0x00000000eca80000)
  to   space 5632K, 0% used [0x00000000ecf80000,0x00000000ecf80000,0x00000000ed500000)
 ParOldGen       total 41472K, used 8367K [0x00000000c3000000, 0x00000000c5880000, 0x00000000eba80000)
  object space 41472K, 20% used [0x00000000c3000000,0x00000000c382be70,0x00000000c5880000)
 PSPermGen       total 21504K, used 13325K [0x00000000b8a00000, 0x00000000b9f00000, 0x00000000c3000000)
  object space 21504K, 61% used [0x00000000b8a00000,0x00000000b97036f8,0x00000000b9f00000)
Event: 852.306 GC heap after
Heap after GC invocations=18 (full 0):
 PSYoungGen      total 21504K, used 96K [0x00000000eba80000, 0x00000000ed500000, 0x0000000100000000)
  eden space 15872K, 0% used [0x00000000eba80000,0x00000000eba80000,0x00000000eca00000)
  from space 5632K, 1% used [0x00000000ecf80000,0x00000000ecf98000,0x00000000ed500000)
  to   space 5632K, 0% used [0x00000000eca00000,0x00000000eca00000,0x00000000ecf80000)
 ParOldGen       total 41472K, used 8383K [0x00000000c3000000, 0x00000000c5880000, 0x00000000eba80000)
  object space 41472K, 20% used [0x00000000c3000000,0x00000000c382fe70,0x00000000c5880000)
 PSPermGen       total 21504K, used 13325K [0x00000000b8a00000, 0x00000000b9f00000, 0x00000000c3000000)
  object space 21504K, 61% used [0x00000000b8a00000,0x00000000b97036f8,0x00000000b9f00000)
}
Event: 905.954 GC heap before
{Heap before GC invocations=19 (full 0):
 PSYoungGen      total 21504K, used 15968K [0x00000000eba80000, 0x00000000ed500000, 0x0000000100000000)
  eden space 15872K, 100% used [0x00000000eba80000,0x00000000eca00000,0x00000000eca00000)
  from space 5632K, 1% used [0x00000000ecf80000,0x00000000ecf98000,0x00000000ed500000)
  to   space 5632K, 0% used [0x00000000eca00000,0x00000000eca00000,0x00000000ecf80000)
 ParOldGen       total 41472K, used 8383K [0x00000000c3000000, 0x00000000c5880000, 0x00000000eba80000)
  object space 41472K, 20% used [0x00000000c3000000,0x00000000c382fe70,0x00000000c5880000)
 PSPermGen       total 21504K, used 13325K [0x00000000b8a00000, 0x00000000b9f00000, 0x00000000c3000000)
  object space 21504K, 61% used [0x00000000b8a00000,0x00000000b97036f8,0x00000000b9f00000)
Event: 905.955 GC heap after
Heap after GC invocations=19 (full 0):
 PSYoungGen      total 16384K, used 32K [0x00000000eba80000, 0x00000000ed400000, 0x0000000100000000)
  eden space 15872K, 0% used [0x00000000eba80000,0x00000000eba80000,0x00000000eca00000)
  from space 512K, 6% used [0x00000000eca00000,0x00000000eca08000,0x00000000eca80000)
  to   space 5120K, 0% used [0x00000000ecf00000,0x00000000ecf00000,0x00000000ed400000)
 ParOldGen       total 41472K, used 8399K [0x00000000c3000000, 0x00000000c5880000, 0x00000000eba80000)
  object space 41472K, 20% used [0x00000000c3000000,0x00000000c3833e70,0x00000000c5880000)
 PSPermGen       total 21504K, used 13325K [0x00000000b8a00000, 0x00000000b9f00000, 0x00000000c3000000)
  object space 21504K, 61% used [0x00000000b8a00000,0x00000000b97036f8,0x00000000b9f00000)
}
Event: 958.037 GC heap before
{Heap before GC invocations=20 (full 0):
 PSYoungGen      total 16384K, used 15904K [0x00000000eba80000, 0x00000000ed400000, 0x0000000100000000)
  eden space 15872K, 100% used [0x00000000eba80000,0x00000000eca00000,0x00000000eca00000)
  from space 512K, 6% used [0x00000000eca00000,0x00000000eca08000,0x00000000eca80000)
  to   space 5120K, 0% used [0x00000000ecf00000,0x00000000ecf00000,0x00000000ed400000)
 ParOldGen       total 41472K, used 8399K [0x00000000c3000000, 0x00000000c5880000, 0x00000000eba80000)
  object space 41472K, 20% used [0x00000000c3000000,0x00000000c3833e70,0x00000000c5880000)
 PSPermGen       total 21504K, used 13325K [0x00000000b8a00000, 0x00000000b9f00000, 0x00000000c3000000)
  object space 21504K, 61% used [0x00000000b8a00000,0x00000000b97036f8,0x00000000b9f00000)
Event: 958.038 GC heap after
Heap after GC invocations=20 (full 0):
 PSYoungGen      total 20992K, used 96K [0x00000000eba80000, 0x00000000ed400000, 0x0000000100000000)
  eden space 15872K, 0% used [0x00000000eba80000,0x00000000eba80000,0x00000000eca00000)
  from space 5120K, 1% used [0x00000000ecf00000,0x00000000ecf18000,0x00000000ed400000)
  to   space 5120K, 0% used [0x00000000eca00000,0x00000000eca00000,0x00000000ecf00000)
 ParOldGen       total 41472K, used 8399K [0x00000000c3000000, 0x00000000c5880000, 0x00000000eba80000)
  object space 41472K, 20% used [0x00000000c3000000,0x00000000c3833e70,0x00000000c5880000)
 PSPermGen       total 21504K, used 13325K [0x00000000b8a00000, 0x00000000b9f00000, 0x00000000c3000000)
  object space 21504K, 61% used [0x00000000b8a00000,0x00000000b97036f8,0x00000000b9f00000)
}
Event: 1009.367 GC heap before
{Heap before GC invocations=21 (full 0):
 PSYoungGen      total 20992K, used 15968K [0x00000000eba80000, 0x00000000ed400000, 0x0000000100000000)
  eden space 15872K, 100% used [0x00000000eba80000,0x00000000eca00000,0x00000000eca00000)
  from space 5120K, 1% used [0x00000000ecf00000,0x00000000ecf18000,0x00000000ed400000)
  to   space 5120K, 0% used [0x00000000eca00000,0x00000000eca00000,0x00000000ecf00000)
 ParOldGen       total 41472K, used 8399K [0x00000000c3000000, 0x00000000c5880000, 0x00000000eba80000)
  object space 41472K, 20% used [0x00000000c3000000,0x00000000c3833e70,0x00000000c5880000)
 PSPermGen       total 21504K, used 13326K [0x00000000b8a00000, 0x00000000b9f00000, 0x00000000c3000000)
  object space 21504K, 61% used [0x00000000b8a00000,0x00000000b9703b38,0x00000000b9f00000)
Event: 1009.369 GC heap after
Heap after GC invocations=21 (full 0):
 PSYoungGen      total 16384K, used 96K [0x00000000eba80000, 0x00000000ed300000, 0x0000000100000000)
  eden space 15872K, 0% used [0x00000000eba80000,0x00000000eba80000,0x00000000eca00000)
  from space 512K, 18% used [0x00000000eca00000,0x00000000eca18000,0x00000000eca80000)
  to   space 4608K, 0% used [0x00000000ece80000,0x00000000ece80000,0x00000000ed300000)
 ParOldGen       total 41472K, used 8415K [0x00000000c3000000, 0x00000000c5880000, 0x00000000eba80000)
  object space 41472K, 20% used [0x00000000c3000000,0x00000000c3837e70,0x00000000c5880000)
 PSPermGen       total 21504K, used 13326K [0x00000000b8a00000, 0x00000000b9f00000, 0x00000000c3000000)
  object space 21504K, 61% used [0x00000000b8a00000,0x00000000b9703b38,0x00000000b9f00000)
}

