# JRE version: OpenJDK Runtime Environment (7.0_55-b14) (build 1.7.0_55-b14)
# Java VM: OpenJDK 64-Bit Server VM (24.51-b03 mixed mode linux-amd64 compressed oops)
Heap
 PSYoungGen      total 22528K, used 13090K [0x00000000eba80000, 0x00000000ed700000, 0x0000000100000000)
  eden space 15872K, 81% used [0x00000000eba80000,0x00000000ec720a60,0x00000000eca00000)
  from space 6656K, 2% used [0x00000000eca00000,0x00000000eca28000,0x00000000ed080000)
  to   space 6656K, 0% used [0x00000000ed080000,0x00000000ed080000,0x00000000ed700000)
 ParOldGen       total 41472K, used 7551K [0x00000000c3000000, 0x00000000c5880000, 0x00000000eba80000)
  object space 41472K, 18% used [0x00000000c3000000,0x00000000c375fd90,0x00000000c5880000)
 PSPermGen       total 21504K, used 12487K [0x00000000b8a00000, 0x00000000b9f00000, 0x00000000c3000000)
  object space 21504K, 58% used [0x00000000b8a00000,0x00000000b9631db8,0x00000000b9f00000)
GC Heap History (10 events):
Event: 183.898 GC heap before
{Heap before GC invocations=7 (full 0):
 PSYoungGen      total 22016K, used 18332K [0x00000000eba80000, 0x00000000ed600000, 0x0000000100000000)
  eden space 15872K, 100% used [0x00000000eba80000,0x00000000eca00000,0x00000000eca00000)
  from space 6144K, 40% used [0x00000000ed000000,0x00000000ed2672e0,0x00000000ed600000)
  to   space 6144K, 0% used [0x00000000eca00000,0x00000000eca00000,0x00000000ed000000)
 ParOldGen       total 41472K, used 5070K [0x00000000c3000000, 0x00000000c5880000, 0x00000000eba80000)
  object space 41472K, 12% used [0x00000000c3000000,0x00000000c34f3a30,0x00000000c5880000)
 PSPermGen       total 21504K, used 12321K [0x00000000b8a00000, 0x00000000b9f00000, 0x00000000c3000000)
  object space 21504K, 57% used [0x00000000b8a00000,0x00000000b9608658,0x00000000b9f00000)
Event: 183.902 GC heap after
Heap after GC invocations=7 (full 0):
 PSYoungGen      total 22016K, used 128K [0x00000000eba80000, 0x00000000ed700000, 0x0000000100000000)
  eden space 15872K, 0% used [0x00000000eba80000,0x00000000eba80000,0x00000000eca00000)
  from space 6144K, 2% used [0x00000000eca00000,0x00000000eca20000,0x00000000ed000000)
  to   space 6656K, 0% used [0x00000000ed080000,0x00000000ed080000,0x00000000ed700000)
 ParOldGen       total 41472K, used 7511K [0x00000000c3000000, 0x00000000c5880000, 0x00000000eba80000)
  object space 41472K, 18% used [0x00000000c3000000,0x00000000c3755d90,0x00000000c5880000)
 PSPermGen       total 21504K, used 12321K [0x00000000b8a00000, 0x00000000b9f00000, 0x00000000c3000000)
  object space 21504K, 57% used [0x00000000b8a00000,0x00000000b9608658,0x00000000b9f00000)
}
Event: 216.897 GC heap before
{Heap before GC invocations=8 (full 0):
 PSYoungGen      total 22016K, used 16000K [0x00000000eba80000, 0x00000000ed700000, 0x0000000100000000)
  eden space 15872K, 100% used [0x00000000eba80000,0x00000000eca00000,0x00000000eca00000)
  from space 6144K, 2% used [0x00000000eca00000,0x00000000eca20000,0x00000000ed000000)
  to   space 6656K, 0% used [0x00000000ed080000,0x00000000ed080000,0x00000000ed700000)
 ParOldGen       total 41472K, used 7511K [0x00000000c3000000, 0x00000000c5880000, 0x00000000eba80000)
  object space 41472K, 18% used [0x00000000c3000000,0x00000000c3755d90,0x00000000c5880000)
 PSPermGen       total 21504K, used 12322K [0x00000000b8a00000, 0x00000000b9f00000, 0x00000000c3000000)
  object space 21504K, 57% used [0x00000000b8a00000,0x00000000b96088c0,0x00000000b9f00000)
Event: 216.898 GC heap after
Heap after GC invocations=8 (full 0):
 PSYoungGen      total 22528K, used 32K [0x00000000eba80000, 0x00000000ed700000, 0x0000000100000000)
  eden space 15872K, 0% used [0x00000000eba80000,0x00000000eba80000,0x00000000eca00000)
  from space 6656K, 0% used [0x00000000ed080000,0x00000000ed088000,0x00000000ed700000)
  to   space 6656K, 0% used [0x00000000eca00000,0x00000000eca00000,0x00000000ed080000)
 ParOldGen       total 41472K, used 7519K [0x00000000c3000000, 0x00000000c5880000, 0x00000000eba80000)
  object space 41472K, 18% used [0x00000000c3000000,0x00000000c3757d90,0x00000000c5880000)
 PSPermGen       total 21504K, used 12322K [0x00000000b8a00000, 0x00000000b9f00000, 0x00000000c3000000)
  object space 21504K, 57% used [0x00000000b8a00000,0x00000000b96088c0,0x00000000b9f00000)
}
Event: 250.202 GC heap before
{Heap before GC invocations=9 (full 0):
 PSYoungGen      total 22528K, used 15904K [0x00000000eba80000, 0x00000000ed700000, 0x0000000100000000)
  eden space 15872K, 100% used [0x00000000eba80000,0x00000000eca00000,0x00000000eca00000)
  from space 6656K, 0% used [0x00000000ed080000,0x00000000ed088000,0x00000000ed700000)
  to   space 6656K, 0% used [0x00000000eca00000,0x00000000eca00000,0x00000000ed080000)
 ParOldGen       total 41472K, used 7519K [0x00000000c3000000, 0x00000000c5880000, 0x00000000eba80000)
  object space 41472K, 18% used [0x00000000c3000000,0x00000000c3757d90,0x00000000c5880000)
 PSPermGen       total 21504K, used 12322K [0x00000000b8a00000, 0x00000000b9f00000, 0x00000000c3000000)
  object space 21504K, 57% used [0x00000000b8a00000,0x00000000b96088c0,0x00000000b9f00000)
Event: 250.204 GC heap after
Heap after GC invocations=9 (full 0):
 PSYoungGen      total 22528K, used 32K [0x00000000eba80000, 0x00000000ed700000, 0x0000000100000000)
  eden space 15872K, 0% used [0x00000000eba80000,0x00000000eba80000,0x00000000eca00000)
  from space 6656K, 0% used [0x00000000eca00000,0x00000000eca08000,0x00000000ed080000)
  to   space 6656K, 0% used [0x00000000ed080000,0x00000000ed080000,0x00000000ed700000)
 ParOldGen       total 41472K, used 7527K [0x00000000c3000000, 0x00000000c5880000, 0x00000000eba80000)
  object space 41472K, 18% used [0x00000000c3000000,0x00000000c3759d90,0x00000000c5880000)
 PSPermGen       total 21504K, used 12322K [0x00000000b8a00000, 0x00000000b9f00000, 0x00000000c3000000)
  object space 21504K, 57% used [0x00000000b8a00000,0x00000000b96088c0,0x00000000b9f00000)
}
Event: 283.618 GC heap before
{Heap before GC invocations=10 (full 0):
 PSYoungGen      total 22528K, used 15904K [0x00000000eba80000, 0x00000000ed700000, 0x0000000100000000)
  eden space 15872K, 100% used [0x00000000eba80000,0x00000000eca00000,0x00000000eca00000)
  from space 6656K, 0% used [0x00000000eca00000,0x00000000eca08000,0x00000000ed080000)
  to   space 6656K, 0% used [0x00000000ed080000,0x00000000ed080000,0x00000000ed700000)
 ParOldGen       total 41472K, used 7527K [0x00000000c3000000, 0x00000000c5880000, 0x00000000eba80000)
  object space 41472K, 18% used [0x00000000c3000000,0x00000000c3759d90,0x00000000c5880000)
 PSPermGen       total 21504K, used 12322K [0x00000000b8a00000, 0x00000000b9f00000, 0x00000000c3000000)
  object space 21504K, 57% used [0x00000000b8a00000,0x00000000b96088c0,0x00000000b9f00000)
Event: 283.619 GC heap after
Heap after GC invocations=10 (full 0):
 PSYoungGen      total 22528K, used 64K [0x00000000eba80000, 0x00000000ed700000, 0x0000000100000000)
  eden space 15872K, 0% used [0x00000000eba80000,0x00000000eba80000,0x00000000eca00000)
  from space 6656K, 0% used [0x00000000ed080000,0x00000000ed090000,0x00000000ed700000)
  to   space 6656K, 0% used [0x00000000eca00000,0x00000000eca00000,0x00000000ed080000)
 ParOldGen       total 41472K, used 7543K [0x00000000c3000000, 0x00000000c5880000, 0x00000000eba80000)
  object space 41472K, 18% used [0x00000000c3000000,0x00000000c375dd90,0x00000000c5880000)
 PSPermGen       total 21504K, used 12322K [0x00000000b8a00000, 0x00000000b9f00000, 0x00000000c3000000)
  object space 21504K, 57% used [0x00000000b8a00000,0x00000000b96088c0,0x00000000b9f00000)
}
Event: 333.497 GC heap before
{Heap before GC invocations=11 (full 0):
 PSYoungGen      total 22528K, used 15936K [0x00000000eba80000, 0x00000000ed700000, 0x0000000100000000)
  eden space 15872K, 100% used [0x00000000eba80000,0x00000000eca00000,0x00000000eca00000)
  from space 6656K, 0% used [0x00000000ed080000,0x00000000ed090000,0x00000000ed700000)
  to   space 6656K, 0% used [0x00000000eca00000,0x00000000eca00000,0x00000000ed080000)
 ParOldGen       total 41472K, used 7543K [0x00000000c3000000, 0x00000000c5880000, 0x00000000eba80000)
  object space 41472K, 18% used [0x00000000c3000000,0x00000000c375dd90,0x00000000c5880000)
 PSPermGen       total 21504K, used 12451K [0x00000000b8a00000, 0x00000000b9f00000, 0x00000000c3000000)
  object space 21504K, 57% used [0x00000000b8a00000,0x00000000b9628ed8,0x00000000b9f00000)
Event: 333.498 GC heap after
Heap after GC invocations=11 (full 0):
 PSYoungGen      total 22528K, used 160K [0x00000000eba80000, 0x00000000ed700000, 0x0000000100000000)
  eden space 15872K, 0% used [0x00000000eba80000,0x00000000eba80000,0x00000000eca00000)
  from space 6656K, 2% used [0x00000000eca00000,0x00000000eca28000,0x00000000ed080000)
  to   space 6656K, 0% used [0x00000000ed080000,0x00000000ed080000,0x00000000ed700000)
 ParOldGen       total 41472K, used 7551K [0x00000000c3000000, 0x00000000c5880000, 0x00000000eba80000)
  object space 41472K, 18% used [0x00000000c3000000,0x00000000c375fd90,0x00000000c5880000)
 PSPermGen       total 21504K, used 12451K [0x00000000b8a00000, 0x00000000b9f00000, 0x00000000c3000000)
  object space 21504K, 57% used [0x00000000b8a00000,0x00000000b9628ed8,0x00000000b9f00000)
}

