# JRE version: OpenJDK Runtime Environment (7.0_55-b14) (build 1.7.0_55-b14)
# Java VM: OpenJDK 64-Bit Server VM (24.51-b03 mixed mode linux-amd64 compressed oops)
Heap
 PSYoungGen      total 22528K, used 11785K [0x00000000eba80000, 0x00000000ed700000, 0x0000000100000000)
  eden space 15872K, 74% used [0x00000000eba80000,0x00000000ec5fa6d0,0x00000000eca00000)
  from space 6656K, 0% used [0x00000000ed080000,0x00000000ed088000,0x00000000ed700000)
  to   space 6656K, 0% used [0x00000000eca00000,0x00000000eca00000,0x00000000ed080000)
 ParOldGen       total 41472K, used 8316K [0x00000000c3000000, 0x00000000c5880000, 0x00000000eba80000)
  object space 41472K, 20% used [0x00000000c3000000,0x00000000c381f228,0x00000000c5880000)
 PSPermGen       total 21504K, used 13153K [0x00000000b8a00000, 0x00000000b9f00000, 0x00000000c3000000)
  object space 21504K, 61% used [0x00000000b8a00000,0x00000000b96d8788,0x00000000b9f00000)
GC Heap History (10 events):
Event: 593.665 GC heap before
{Heap before GC invocations=6 (full 0):
 PSYoungGen      total 18432K, used 18402K [0x00000000eba80000, 0x00000000ed600000, 0x0000000100000000)
  eden space 15872K, 100% used [0x00000000eba80000,0x00000000eca00000,0x00000000eca00000)
  from space 2560K, 98% used [0x00000000eca00000,0x00000000ecc78900,0x00000000ecc80000)
  to   space 6144K, 0% used [0x00000000ed000000,0x00000000ed000000,0x00000000ed600000)
 ParOldGen       total 41472K, used 5782K [0x00000000c3000000, 0x00000000c5880000, 0x00000000eba80000)
  object space 41472K, 13% used [0x00000000c3000000,0x00000000c35a5af8,0x00000000c5880000)
 PSPermGen       total 21504K, used 13118K [0x00000000b8a00000, 0x00000000b9f00000, 0x00000000c3000000)
  object space 21504K, 61% used [0x00000000b8a00000,0x00000000b96cf8b0,0x00000000b9f00000)
Event: 593.671 GC heap after
Heap after GC invocations=6 (full 0):
 PSYoungGen      total 22016K, used 2578K [0x00000000eba80000, 0x00000000ed600000, 0x0000000100000000)
  eden space 15872K, 0% used [0x00000000eba80000,0x00000000eba80000,0x00000000eca00000)
  from space 6144K, 41% used [0x00000000ed000000,0x00000000ed284910,0x00000000ed600000)
  to   space 6144K, 0% used [0x00000000eca00000,0x00000000eca00000,0x00000000ed000000)
 ParOldGen       total 41472K, used 5782K [0x00000000c3000000, 0x00000000c5880000, 0x00000000eba80000)
  object space 41472K, 13% used [0x00000000c3000000,0x00000000c35a5af8,0x00000000c5880000)
 PSPermGen       total 21504K, used 13118K [0x00000000b8a00000, 0x00000000b9f00000, 0x00000000c3000000)
  object space 21504K, 61% used [0x00000000b8a00000,0x00000000b96cf8b0,0x00000000b9f00000)
}
Event: 760.327 GC heap before
{Heap before GC invocations=7 (full 0):
 PSYoungGen      total 22016K, used 18450K [0x00000000eba80000, 0x00000000ed600000, 0x0000000100000000)
  eden space 15872K, 100% used [0x00000000eba80000,0x00000000eca00000,0x00000000eca00000)
  from space 6144K, 41% used [0x00000000ed000000,0x00000000ed284910,0x00000000ed600000)
  to   space 6144K, 0% used [0x00000000eca00000,0x00000000eca00000,0x00000000ed000000)
 ParOldGen       total 41472K, used 5782K [0x00000000c3000000, 0x00000000c5880000, 0x00000000eba80000)
  object space 41472K, 13% used [0x00000000c3000000,0x00000000c35a5af8,0x00000000c5880000)
 PSPermGen       total 21504K, used 13119K [0x00000000b8a00000, 0x00000000b9f00000, 0x00000000c3000000)
  object space 21504K, 61% used [0x00000000b8a00000,0x00000000b96cff18,0x00000000b9f00000)
Event: 760.332 GC heap after
Heap after GC invocations=7 (full 0):
 PSYoungGen      total 22016K, used 256K [0x00000000eba80000, 0x00000000ed700000, 0x0000000100000000)
  eden space 15872K, 0% used [0x00000000eba80000,0x00000000eba80000,0x00000000eca00000)
  from space 6144K, 4% used [0x00000000eca00000,0x00000000eca40000,0x00000000ed000000)
  to   space 6656K, 0% used [0x00000000ed080000,0x00000000ed080000,0x00000000ed700000)
 ParOldGen       total 41472K, used 8172K [0x00000000c3000000, 0x00000000c5880000, 0x00000000eba80000)
  object space 41472K, 19% used [0x00000000c3000000,0x00000000c37fb228,0x00000000c5880000)
 PSPermGen       total 21504K, used 13119K [0x00000000b8a00000, 0x00000000b9f00000, 0x00000000c3000000)
  object space 21504K, 61% used [0x00000000b8a00000,0x00000000b96cff18,0x00000000b9f00000)
}
Event: 938.457 GC heap before
{Heap before GC invocations=8 (full 0):
 PSYoungGen      total 22016K, used 16128K [0x00000000eba80000, 0x00000000ed700000, 0x0000000100000000)
  eden space 15872K, 100% used [0x00000000eba80000,0x00000000eca00000,0x00000000eca00000)
  from space 6144K, 4% used [0x00000000eca00000,0x00000000eca40000,0x00000000ed000000)
  to   space 6656K, 0% used [0x00000000ed080000,0x00000000ed080000,0x00000000ed700000)
 ParOldGen       total 41472K, used 8172K [0x00000000c3000000, 0x00000000c5880000, 0x00000000eba80000)
  object space 41472K, 19% used [0x00000000c3000000,0x00000000c37fb228,0x00000000c5880000)
 PSPermGen       total 21504K, used 13119K [0x00000000b8a00000, 0x00000000b9f00000, 0x00000000c3000000)
  object space 21504K, 61% used [0x00000000b8a00000,0x00000000b96cff18,0x00000000b9f00000)
Event: 938.459 GC heap after
Heap after GC invocations=8 (full 0):
 PSYoungGen      total 22528K, used 96K [0x00000000eba80000, 0x00000000ed700000, 0x0000000100000000)
  eden space 15872K, 0% used [0x00000000eba80000,0x00000000eba80000,0x00000000eca00000)
  from space 6656K, 1% used [0x00000000ed080000,0x00000000ed098000,0x00000000ed700000)
  to   space 6656K, 0% used [0x00000000eca00000,0x00000000eca00000,0x00000000ed080000)
 ParOldGen       total 41472K, used 8300K [0x00000000c3000000, 0x00000000c5880000, 0x00000000eba80000)
  object space 41472K, 20% used [0x00000000c3000000,0x00000000c381b228,0x00000000c5880000)
 PSPermGen       total 21504K, used 13119K [0x00000000b8a00000, 0x00000000b9f00000, 0x00000000c3000000)
  object space 21504K, 61% used [0x00000000b8a00000,0x00000000b96cff18,0x00000000b9f00000)
}
Event: 1110.054 GC heap before
{Heap before GC invocations=9 (full 0):
 PSYoungGen      total 22528K, used 15968K [0x00000000eba80000, 0x00000000ed700000, 0x0000000100000000)
  eden space 15872K, 100% used [0x00000000eba80000,0x00000000eca00000,0x00000000eca00000)
  from space 6656K, 1% used [0x00000000ed080000,0x00000000ed098000,0x00000000ed700000)
  to   space 6656K, 0% used [0x00000000eca00000,0x00000000eca00000,0x00000000ed080000)
 ParOldGen       total 41472K, used 8300K [0x00000000c3000000, 0x00000000c5880000, 0x00000000eba80000)
  object space 41472K, 20% used [0x00000000c3000000,0x00000000c381b228,0x00000000c5880000)
 PSPermGen       total 21504K, used 13119K [0x00000000b8a00000, 0x00000000b9f00000, 0x00000000c3000000)
  object space 21504K, 61% used [0x00000000b8a00000,0x00000000b96cff18,0x00000000b9f00000)
Event: 1110.055 GC heap after
Heap after GC invocations=9 (full 0):
 PSYoungGen      total 22528K, used 128K [0x00000000eba80000, 0x00000000ed700000, 0x0000000100000000)
  eden space 15872K, 0% used [0x00000000eba80000,0x00000000eba80000,0x00000000eca00000)
  from space 6656K, 1% used [0x00000000eca00000,0x00000000eca20000,0x00000000ed080000)
  to   space 6656K, 0% used [0x00000000ed080000,0x00000000ed080000,0x00000000ed700000)
 ParOldGen       total 41472K, used 8308K [0x00000000c3000000, 0x00000000c5880000, 0x00000000eba80000)
  object space 41472K, 20% used [0x00000000c3000000,0x00000000c381d228,0x00000000c5880000)
 PSPermGen       total 21504K, used 13119K [0x00000000b8a00000, 0x00000000b9f00000, 0x00000000c3000000)
  object space 21504K, 61% used [0x00000000b8a00000,0x00000000b96cff18,0x00000000b9f00000)
}
Event: 1275.885 GC heap before
{Heap before GC invocations=10 (full 0):
 PSYoungGen      total 22528K, used 16000K [0x00000000eba80000, 0x00000000ed700000, 0x0000000100000000)
  eden space 15872K, 100% used [0x00000000eba80000,0x00000000eca00000,0x00000000eca00000)
  from space 6656K, 1% used [0x00000000eca00000,0x00000000eca20000,0x00000000ed080000)
  to   space 6656K, 0% used [0x00000000ed080000,0x00000000ed080000,0x00000000ed700000)
 ParOldGen       total 41472K, used 8308K [0x00000000c3000000, 0x00000000c5880000, 0x00000000eba80000)
  object space 41472K, 20% used [0x00000000c3000000,0x00000000c381d228,0x00000000c5880000)
 PSPermGen       total 21504K, used 13119K [0x00000000b8a00000, 0x00000000b9f00000, 0x00000000c3000000)
  object space 21504K, 61% used [0x00000000b8a00000,0x00000000b96cff18,0x00000000b9f00000)
Event: 1275.886 GC heap after
Heap after GC invocations=10 (full 0):
 PSYoungGen      total 22528K, used 32K [0x00000000eba80000, 0x00000000ed700000, 0x0000000100000000)
  eden space 15872K, 0% used [0x00000000eba80000,0x00000000eba80000,0x00000000eca00000)
  from space 6656K, 0% used [0x00000000ed080000,0x00000000ed088000,0x00000000ed700000)
  to   space 6656K, 0% used [0x00000000eca00000,0x00000000eca00000,0x00000000ed080000)
 ParOldGen       total 41472K, used 8316K [0x00000000c3000000, 0x00000000c5880000, 0x00000000eba80000)
  object space 41472K, 20% used [0x00000000c3000000,0x00000000c381f228,0x00000000c5880000)
 PSPermGen       total 21504K, used 13119K [0x00000000b8a00000, 0x00000000b9f00000, 0x00000000c3000000)
  object space 21504K, 61% used [0x00000000b8a00000,0x00000000b96cff18,0x00000000b9f00000)
}

